{"/home/baloo/radar/build-your-own-radar/src/analytics.js": {"path":"/home/baloo/radar/build-your-own-radar/src/analytics.js","statementMap":{"0":{"start":{"line":1,"column":0},"end":{"line":12,"column":1}},"1":{"start":{"line":2,"column":3},"end":{"line":11,"column":65}},"2":{"start":{"line":3,"column":4},"end":{"line":3,"column":21}},"3":{"start":{"line":4,"column":4},"end":{"line":4,"column":75}},"4":{"start":{"line":5,"column":12},"end":{"line":5,"column":40}},"5":{"start":{"line":6,"column":12},"end":{"line":6,"column":30}},"6":{"start":{"line":7,"column":13},"end":{"line":7,"column":47}},"7":{"start":{"line":8,"column":4},"end":{"line":8,"column":18}},"8":{"start":{"line":9,"column":4},"end":{"line":9,"column":66}},"9":{"start":{"line":10,"column":4},"end":{"line":10,"column":35}},"10":{"start":{"line":13,"column":0},"end":{"line":21,"column":1}},"11":{"start":{"line":14,"column":3},"end":{"line":20,"column":69}},"12":{"start":{"line":15,"column":14},"end":{"line":15,"column":32}},"13":{"start":{"line":16,"column":4},"end":{"line":16,"column":18}},"14":{"start":{"line":17,"column":4},"end":{"line":17,"column":13}},"15":{"start":{"line":18,"column":4},"end":{"line":18,"column":30}},"16":{"start":{"line":19,"column":4},"end":{"line":19,"column":20}}},"fnMap":{"0":{"name":"(anonymous_0)","decl":{"start":{"line":2,"column":4},"end":{"line":2,"column":5}},"loc":{"start":{"line":2,"column":29},"end":{"line":11,"column":3}},"line":2},"1":{"name":"(anonymous_1)","decl":{"start":{"line":14,"column":4},"end":{"line":14,"column":5}},"loc":{"start":{"line":14,"column":26},"end":{"line":20,"column":3}},"line":14}},"branchMap":{"0":{"loc":{"start":{"line":1,"column":0},"end":{"line":12,"column":1}},"type":"if","locations":[{"start":{"line":1,"column":0},"end":{"line":12,"column":1}},{"start":{},"end":{}}],"line":1},"1":{"loc":{"start":{"line":3,"column":11},"end":{"line":3,"column":21}},"type":"binary-expr","locations":[{"start":{"line":3,"column":11},"end":{"line":3,"column":15}},{"start":{"line":3,"column":19},"end":{"line":3,"column":21}}],"line":3},"2":{"loc":{"start":{"line":7,"column":13},"end":{"line":7,"column":47}},"type":"cond-expr","locations":[{"start":{"line":7,"column":33},"end":{"line":7,"column":42}},{"start":{"line":7,"column":45},"end":{"line":7,"column":47}}],"line":7},"3":{"loc":{"start":{"line":13,"column":0},"end":{"line":21,"column":1}},"type":"if","locations":[{"start":{"line":13,"column":0},"end":{"line":21,"column":1}},{"start":{},"end":{}}],"line":13}},"s":{"0":0,"1":0,"2":0,"3":0,"4":0,"5":0,"6":0,"7":0,"8":0,"9":0,"10":0,"11":0,"12":0,"13":0,"14":0,"15":0,"16":0},"f":{"0":0,"1":0},"b":{"0":[0,0],"1":[0,0],"2":[0,0],"3":[0,0]}}
,"/home/baloo/radar/build-your-own-radar/src/common.js": {"path":"/home/baloo/radar/build-your-own-radar/src/common.js","statementMap":{"0":{"start":{"line":1,"column":0},"end":{"line":1,"column":34}},"1":{"start":{"line":2,"column":0},"end":{"line":2,"column":52}},"2":{"start":{"line":3,"column":0},"end":{"line":3,"column":31}},"3":{"start":{"line":4,"column":0},"end":{"line":4,"column":31}},"4":{"start":{"line":5,"column":0},"end":{"line":5,"column":38}},"5":{"start":{"line":6,"column":0},"end":{"line":6,"column":43}},"6":{"start":{"line":7,"column":0},"end":{"line":7,"column":44}},"7":{"start":{"line":8,"column":0},"end":{"line":8,"column":27}},"8":{"start":{"line":9,"column":0},"end":{"line":9,"column":32}},"9":{"start":{"line":10,"column":0},"end":{"line":10,"column":34}},"10":{"start":{"line":11,"column":0},"end":{"line":11,"column":45}},"11":{"start":{"line":12,"column":0},"end":{"line":12,"column":46}},"12":{"start":{"line":13,"column":0},"end":{"line":13,"column":45}},"13":{"start":{"line":14,"column":0},"end":{"line":14,"column":46}},"14":{"start":{"line":15,"column":0},"end":{"line":15,"column":40}},"15":{"start":{"line":16,"column":0},"end":{"line":16,"column":42}},"16":{"start":{"line":17,"column":0},"end":{"line":17,"column":34}}},"fnMap":{},"branchMap":{},"s":{"0":0,"1":0,"2":0,"3":0,"4":0,"5":0,"6":0,"7":0,"8":0,"9":0,"10":0,"11":0,"12":0,"13":0,"14":0,"15":0,"16":0},"f":{},"b":{}}
,"/home/baloo/radar/build-your-own-radar/src/config.js": {"path":"/home/baloo/radar/build-your-own-radar/src/config.js","statementMap":{"0":{"start":{"line":1,"column":15},"end":{"line":15,"column":1}},"1":{"start":{"line":2,"column":14},"end":{"line":13,"column":3}},"2":{"start":{"line":14,"column":2},"end":{"line":14,"column":69}},"3":{"start":{"line":16,"column":0},"end":{"line":16,"column":23}}},"fnMap":{"0":{"name":"(anonymous_0)","decl":{"start":{"line":1,"column":15},"end":{"line":1,"column":16}},"loc":{"start":{"line":1,"column":21},"end":{"line":15,"column":1}},"line":1}},"branchMap":{"0":{"loc":{"start":{"line":14,"column":9},"end":{"line":14,"column":69}},"type":"cond-expr","locations":[{"start":{"line":14,"column":35},"end":{"line":14,"column":63}},{"start":{"line":14,"column":66},"end":{"line":14,"column":69}}],"line":14}},"s":{"0":5,"1":15,"2":15,"3":5},"f":{"0":15},"b":{"0":[13,2]},"_coverageSchema":"1a1c01bbd47fc00a2c39e90264f33305004495a9","hash":"608b36d19a81e446e2747a2c06ee663f8651bb01"}
,"/home/baloo/radar/build-your-own-radar/src/site.js": {"path":"/home/baloo/radar/build-your-own-radar/src/site.js","statementMap":{"0":{"start":{"line":1,"column":0},"end":{"line":1,"column":19}},"1":{"start":{"line":2,"column":0},"end":{"line":2,"column":28}},"2":{"start":{"line":3,"column":0},"end":{"line":3,"column":36}},"3":{"start":{"line":4,"column":0},"end":{"line":4,"column":25}},"4":{"start":{"line":6,"column":16},"end":{"line":6,"column":41}},"5":{"start":{"line":8,"column":0},"end":{"line":8,"column":17}}},"fnMap":{},"branchMap":{},"s":{"0":0,"1":0,"2":0,"3":0,"4":0,"5":0},"f":{},"b":{}}
,"/home/baloo/radar/build-your-own-radar/src/exceptions/fileNotFoundError.js": {"path":"/home/baloo/radar/build-your-own-radar/src/exceptions/fileNotFoundError.js","statementMap":{"0":{"start":{"line":3,"column":4},"end":{"line":3,"column":18}},"1":{"start":{"line":4,"column":4},"end":{"line":4,"column":26}},"2":{"start":{"line":8,"column":0},"end":{"line":8,"column":34}}},"fnMap":{"0":{"name":"(anonymous_0)","decl":{"start":{"line":2,"column":2},"end":{"line":2,"column":3}},"loc":{"start":{"line":2,"column":23},"end":{"line":5,"column":3}},"line":2}},"branchMap":{},"s":{"0":1,"1":1,"2":1},"f":{"0":1},"b":{},"_coverageSchema":"1a1c01bbd47fc00a2c39e90264f33305004495a9","hash":"94a6e5f53b64ca7e9367aff5a038e7630e53d995"}
,"/home/baloo/radar/build-your-own-radar/src/exceptions/invalidConfigError.js": {"path":"/home/baloo/radar/build-your-own-radar/src/exceptions/invalidConfigError.js","statementMap":{"0":{"start":{"line":3,"column":4},"end":{"line":3,"column":18}},"1":{"start":{"line":4,"column":4},"end":{"line":4,"column":26}},"2":{"start":{"line":8,"column":0},"end":{"line":8,"column":35}}},"fnMap":{"0":{"name":"(anonymous_0)","decl":{"start":{"line":2,"column":2},"end":{"line":2,"column":3}},"loc":{"start":{"line":2,"column":23},"end":{"line":5,"column":3}},"line":2}},"branchMap":{},"s":{"0":1,"1":1,"2":1},"f":{"0":1},"b":{},"_coverageSchema":"1a1c01bbd47fc00a2c39e90264f33305004495a9","hash":"fe5589dfd05a45caa8503d31a0ccc8f6c0bcb992"}
,"/home/baloo/radar/build-your-own-radar/src/exceptions/invalidContentError.js": {"path":"/home/baloo/radar/build-your-own-radar/src/exceptions/invalidContentError.js","statementMap":{"0":{"start":{"line":3,"column":4},"end":{"line":3,"column":18}},"1":{"start":{"line":4,"column":4},"end":{"line":4,"column":26}},"2":{"start":{"line":8,"column":0},"end":{"line":8,"column":36}}},"fnMap":{"0":{"name":"(anonymous_0)","decl":{"start":{"line":2,"column":2},"end":{"line":2,"column":3}},"loc":{"start":{"line":2,"column":23},"end":{"line":5,"column":3}},"line":2}},"branchMap":{},"s":{"0":1,"1":1,"2":1},"f":{"0":1},"b":{},"_coverageSchema":"1a1c01bbd47fc00a2c39e90264f33305004495a9","hash":"e9915151e0cd6d48a090d9b78eac4f2917b57270"}
,"/home/baloo/radar/build-your-own-radar/src/exceptions/malformedDataError.js": {"path":"/home/baloo/radar/build-your-own-radar/src/exceptions/malformedDataError.js","statementMap":{"0":{"start":{"line":1,"column":27},"end":{"line":3,"column":1}},"1":{"start":{"line":2,"column":2},"end":{"line":2,"column":24}},"2":{"start":{"line":5,"column":0},"end":{"line":5,"column":48}},"3":{"start":{"line":6,"column":0},"end":{"line":6,"column":61}},"4":{"start":{"line":7,"column":0},"end":{"line":7,"column":56}},"5":{"start":{"line":8,"column":0},"end":{"line":8,"column":41}},"6":{"start":{"line":9,"column":0},"end":{"line":9,"column":61}},"7":{"start":{"line":11,"column":0},"end":{"line":11,"column":35}}},"fnMap":{"0":{"name":"(anonymous_0)","decl":{"start":{"line":1,"column":27},"end":{"line":1,"column":28}},"loc":{"start":{"line":1,"column":46},"end":{"line":3,"column":1}},"line":1}},"branchMap":{},"s":{"0":2,"1":6,"2":2,"3":2,"4":2,"5":2,"6":2,"7":2},"f":{"0":6},"b":{},"_coverageSchema":"1a1c01bbd47fc00a2c39e90264f33305004495a9","hash":"dd13a8a207b6205e9faecc5a1c38fee849734636"}
,"/home/baloo/radar/build-your-own-radar/src/exceptions/sheetNotFoundError.js": {"path":"/home/baloo/radar/build-your-own-radar/src/exceptions/sheetNotFoundError.js","statementMap":{"0":{"start":{"line":1,"column":27},"end":{"line":3,"column":1}},"1":{"start":{"line":2,"column":2},"end":{"line":2,"column":24}},"2":{"start":{"line":5,"column":0},"end":{"line":5,"column":48}},"3":{"start":{"line":6,"column":0},"end":{"line":6,"column":61}},"4":{"start":{"line":7,"column":0},"end":{"line":7,"column":56}},"5":{"start":{"line":8,"column":0},"end":{"line":8,"column":41}},"6":{"start":{"line":9,"column":0},"end":{"line":9,"column":61}},"7":{"start":{"line":11,"column":0},"end":{"line":11,"column":35}}},"fnMap":{"0":{"name":"(anonymous_0)","decl":{"start":{"line":1,"column":27},"end":{"line":1,"column":28}},"loc":{"start":{"line":1,"column":46},"end":{"line":3,"column":1}},"line":1}},"branchMap":{},"s":{"0":1,"1":2,"2":1,"3":1,"4":1,"5":1,"6":1,"7":1},"f":{"0":2},"b":{},"_coverageSchema":"1a1c01bbd47fc00a2c39e90264f33305004495a9","hash":"766fb7c9813caa698f01319f1c3df03807385d13"}
,"/home/baloo/radar/build-your-own-radar/src/exceptions/unauthorizedError.js": {"path":"/home/baloo/radar/build-your-own-radar/src/exceptions/unauthorizedError.js","statementMap":{"0":{"start":{"line":1,"column":26},"end":{"line":3,"column":1}},"1":{"start":{"line":2,"column":2},"end":{"line":2,"column":24}},"2":{"start":{"line":5,"column":0},"end":{"line":5,"column":47}},"3":{"start":{"line":6,"column":0},"end":{"line":6,"column":60}},"4":{"start":{"line":7,"column":0},"end":{"line":7,"column":54}},"5":{"start":{"line":8,"column":0},"end":{"line":8,"column":40}},"6":{"start":{"line":9,"column":0},"end":{"line":9,"column":59}},"7":{"start":{"line":11,"column":0},"end":{"line":11,"column":34}}},"fnMap":{"0":{"name":"(anonymous_0)","decl":{"start":{"line":1,"column":26},"end":{"line":1,"column":27}},"loc":{"start":{"line":1,"column":45},"end":{"line":3,"column":1}},"line":1}},"branchMap":{},"s":{"0":1,"1":1,"2":1,"3":1,"4":1,"5":1,"6":1,"7":1},"f":{"0":1},"b":{},"_coverageSchema":"1a1c01bbd47fc00a2c39e90264f33305004495a9","hash":"6ecf131fca0758e6a6a06d6125cada86b2deded2"}
,"/home/baloo/radar/build-your-own-radar/src/graphing/blips.js": {"path":"/home/baloo/radar/build-your-own-radar/src/graphing/blips.js","statementMap":{"0":{"start":{"line":1,"column":15},"end":{"line":1,"column":32}},"1":{"start":{"line":2,"column":24},"end":{"line":2,"column":43}},"2":{"start":{"line":3,"column":21},"end":{"line":3,"column":49}},"3":{"start":{"line":4,"column":34},"end":{"line":4,"column":72}},"4":{"start":{"line":5,"column":13},"end":{"line":5,"column":38}},"5":{"start":{"line":6,"column":16},"end":{"line":6,"column":41}},"6":{"start":{"line":7,"column":53},"end":{"line":7,"column":82}},"7":{"start":{"line":8,"column":15},"end":{"line":8,"column":35}},"8":{"start":{"line":9,"column":23},"end":{"line":9,"column":46}},"9":{"start":{"line":11,"column":22},"end":{"line":15,"column":1}},"10":{"start":{"line":12,"column":17},"end":{"line":12,"column":48}},"11":{"start":{"line":13,"column":17},"end":{"line":13,"column":62}},"12":{"start":{"line":14,"column":2},"end":{"line":14,"column":20}},"13":{"start":{"line":18,"column":27},"end":{"line":18,"column":28}},"14":{"start":{"line":19,"column":25},"end":{"line":19,"column":26}},"15":{"start":{"line":21,"column":2},"end":{"line":24,"column":3}},"16":{"start":{"line":22,"column":4},"end":{"line":22,"column":67}},"17":{"start":{"line":23,"column":4},"end":{"line":23,"column":67}},"18":{"start":{"line":25,"column":2},"end":{"line":25,"column":51}},"19":{"start":{"line":29,"column":18},"end":{"line":29,"column":81}},"20":{"start":{"line":30,"column":18},"end":{"line":30,"column":82}},"21":{"start":{"line":31,"column":53},"end":{"line":31,"column":106}},"22":{"start":{"line":32,"column":17},"end":{"line":35,"column":4}},"23":{"start":{"line":37,"column":19},"end":{"line":37,"column":80}},"24":{"start":{"line":38,"column":2},"end":{"line":38,"column":48}},"25":{"start":{"line":39,"column":16},"end":{"line":39,"column":83}},"26":{"start":{"line":41,"column":10},"end":{"line":41,"column":93}},"27":{"start":{"line":42,"column":10},"end":{"line":42,"column":94}},"28":{"start":{"line":44,"column":2},"end":{"line":44,"column":55}},"29":{"start":{"line":48,"column":2},"end":{"line":54,"column":4}},"30":{"start":{"line":49,"column":4},"end":{"line":53,"column":5}},"31":{"start":{"line":58,"column":15},"end":{"line":58,"column":71}},"32":{"start":{"line":59,"column":2},"end":{"line":64,"column":3}},"33":{"start":{"line":63,"column":4},"end":{"line":63,"column":33}},"34":{"start":{"line":65,"column":2},"end":{"line":67,"column":3}},"35":{"start":{"line":66,"column":4},"end":{"line":66,"column":30}},"36":{"start":{"line":68,"column":2},"end":{"line":70,"column":3}},"37":{"start":{"line":69,"column":4},"end":{"line":69,"column":30}},"38":{"start":{"line":71,"column":2},"end":{"line":71,"column":15}},"39":{"start":{"line":75,"column":24},"end":{"line":75,"column":27}},"40":{"start":{"line":76,"column":17},"end":{"line":83,"column":3}},"41":{"start":{"line":84,"column":20},"end":{"line":84,"column":112}},"42":{"start":{"line":85,"column":25},"end":{"line":85,"column":26}},"43":{"start":{"line":86,"column":20},"end":{"line":86,"column":25}},"44":{"start":{"line":88,"column":2},"end":{"line":96,"column":3}},"45":{"start":{"line":89,"column":4},"end":{"line":94,"column":5}},"46":{"start":{"line":90,"column":6},"end":{"line":90,"column":112}},"47":{"start":{"line":92,"column":6},"end":{"line":92,"column":24}},"48":{"start":{"line":93,"column":6},"end":{"line":93,"column":11}},"49":{"start":{"line":95,"column":4},"end":{"line":95,"column":22}},"50":{"start":{"line":97,"column":2},"end":{"line":103,"column":3}},"51":{"start":{"line":98,"column":4},"end":{"line":98,"column":31}},"52":{"start":{"line":99,"column":4},"end":{"line":99,"column":55}},"53":{"start":{"line":100,"column":4},"end":{"line":100,"column":111}},"54":{"start":{"line":102,"column":4},"end":{"line":102,"column":22}},"55":{"start":{"line":107,"column":2},"end":{"line":109,"column":94}},"56":{"start":{"line":112,"column":2},"end":{"line":120,"column":42}},"57":{"start":{"line":124,"column":2},"end":{"line":126,"column":48}},"58":{"start":{"line":127,"column":2},"end":{"line":133,"column":52}},"59":{"start":{"line":137,"column":2},"end":{"line":137,"column":52}},"60":{"start":{"line":138,"column":2},"end":{"line":138,"column":42}},"61":{"start":{"line":142,"column":2},"end":{"line":142,"column":52}},"62":{"start":{"line":146,"column":2},"end":{"line":146,"column":113}},"63":{"start":{"line":147,"column":2},"end":{"line":156,"column":52}},"64":{"start":{"line":160,"column":10},"end":{"line":160,"column":24}},"65":{"start":{"line":161,"column":10},"end":{"line":161,"column":24}},"66":{"start":{"line":163,"column":17},"end":{"line":163,"column":43}},"67":{"start":{"line":165,"column":16},"end":{"line":172,"column":47}},"68":{"start":{"line":174,"column":2},"end":{"line":180,"column":3}},"69":{"start":{"line":175,"column":4},"end":{"line":175,"column":39}},"70":{"start":{"line":176,"column":9},"end":{"line":180,"column":3}},"71":{"start":{"line":177,"column":4},"end":{"line":177,"column":37}},"72":{"start":{"line":179,"column":4},"end":{"line":179,"column":42}},"73":{"start":{"line":182,"column":2},"end":{"line":192,"column":52}},"74":{"start":{"line":196,"column":20},"end":{"line":196,"column":39}},"75":{"start":{"line":197,"column":2},"end":{"line":202,"column":3}},"76":{"start":{"line":198,"column":4},"end":{"line":201,"column":10}},"77":{"start":{"line":199,"column":6},"end":{"line":199,"column":57}},"78":{"start":{"line":200,"column":6},"end":{"line":200,"column":20}},"79":{"start":{"line":203,"column":2},"end":{"line":203,"column":20}},"80":{"start":{"line":206,"column":31},"end":{"line":213,"column":1}},"81":{"start":{"line":207,"column":20},"end":{"line":207,"column":54}},"82":{"start":{"line":208,"column":20},"end":{"line":208,"column":75}},"83":{"start":{"line":209,"column":25},"end":{"line":209,"column":65}},"84":{"start":{"line":210,"column":12},"end":{"line":210,"column":96}},"85":{"start":{"line":211,"column":12},"end":{"line":211,"column":81}},"86":{"start":{"line":212,"column":2},"end":{"line":212,"column":15}},"87":{"start":{"line":216,"column":23},"end":{"line":216,"column":24}},"88":{"start":{"line":217,"column":18},"end":{"line":217,"column":84}},"89":{"start":{"line":218,"column":18},"end":{"line":218,"column":60}},"90":{"start":{"line":219,"column":2},"end":{"line":219,"column":67}},"91":{"start":{"line":222,"column":29},"end":{"line":229,"column":1}},"92":{"start":{"line":223,"column":25},"end":{"line":223,"column":102}},"93":{"start":{"line":225,"column":2},"end":{"line":228,"column":3}},"94":{"start":{"line":231,"column":32},"end":{"line":240,"column":1}},"95":{"start":{"line":232,"column":21},"end":{"line":232,"column":83}},"96":{"start":{"line":233,"column":21},"end":{"line":233,"column":102}},"97":{"start":{"line":234,"column":2},"end":{"line":239,"column":3}},"98":{"start":{"line":243,"column":19},"end":{"line":243,"column":60}},"99":{"start":{"line":244,"column":17},"end":{"line":246,"column":11}},"100":{"start":{"line":247,"column":20},"end":{"line":247,"column":76}},"101":{"start":{"line":248,"column":2},"end":{"line":248,"column":33}},"102":{"start":{"line":249,"column":2},"end":{"line":249,"column":25}},"103":{"start":{"line":250,"column":2},"end":{"line":250,"column":28}},"104":{"start":{"line":251,"column":2},"end":{"line":251,"column":18}},"105":{"start":{"line":255,"column":23},"end":{"line":255,"column":25}},"106":{"start":{"line":256,"column":26},"end":{"line":256,"column":28}},"107":{"start":{"line":257,"column":2},"end":{"line":259,"column":4}},"108":{"start":{"line":258,"column":4},"end":{"line":258,"column":77}},"109":{"start":{"line":261,"column":21},"end":{"line":261,"column":93}},"110":{"start":{"line":261,"column":77},"end":{"line":261,"column":92}},"111":{"start":{"line":262,"column":2},"end":{"line":275,"column":4}},"112":{"start":{"line":263,"column":21},"end":{"line":263,"column":64}},"113":{"start":{"line":264,"column":22},"end":{"line":264,"column":81}},"114":{"start":{"line":265,"column":33},"end":{"line":265,"column":69}},"115":{"start":{"line":266,"column":22},"end":{"line":266,"column":60}},"116":{"start":{"line":267,"column":23},"end":{"line":267,"column":64}},"117":{"start":{"line":268,"column":41},"end":{"line":268,"column":119}},"118":{"start":{"line":269,"column":4},"end":{"line":269,"column":96}},"119":{"start":{"line":270,"column":4},"end":{"line":270,"column":90}},"120":{"start":{"line":271,"column":4},"end":{"line":274,"column":6}},"121":{"start":{"line":272,"column":6},"end":{"line":272,"column":44}},"122":{"start":{"line":273,"column":6},"end":{"line":273,"column":65}},"123":{"start":{"line":278,"column":23},"end":{"line":319,"column":1}},"124":{"start":{"line":281,"column":2},"end":{"line":281,"column":37}},"125":{"start":{"line":282,"column":2},"end":{"line":282,"column":41}},"126":{"start":{"line":283,"column":2},"end":{"line":283,"column":39}},"127":{"start":{"line":285,"column":2},"end":{"line":285,"column":26}},"128":{"start":{"line":286,"column":2},"end":{"line":318,"column":4}},"129":{"start":{"line":287,"column":22},"end":{"line":289,"column":6}},"130":{"start":{"line":288,"column":6},"end":{"line":288,"column":33}},"131":{"start":{"line":291,"column":4},"end":{"line":293,"column":5}},"132":{"start":{"line":292,"column":6},"end":{"line":292,"column":12}},"133":{"start":{"line":295,"column":19},"end":{"line":295,"column":21}},"134":{"start":{"line":296,"column":22},"end":{"line":296,"column":47}},"135":{"start":{"line":297,"column":22},"end":{"line":297,"column":51}},"136":{"start":{"line":298,"column":32},"end":{"line":298,"column":34}},"137":{"start":{"line":300,"column":4},"end":{"line":303,"column":5}},"138":{"start":{"line":301,"column":6},"end":{"line":301,"column":93}},"139":{"start":{"line":302,"column":6},"end":{"line":302,"column":12}},"140":{"start":{"line":305,"column":4},"end":{"line":317,"column":6}},"141":{"start":{"line":306,"column":26},"end":{"line":313,"column":7}},"142":{"start":{"line":314,"column":6},"end":{"line":314,"column":66}},"143":{"start":{"line":315,"column":6},"end":{"line":315,"column":76}},"144":{"start":{"line":316,"column":6},"end":{"line":316,"column":65}},"145":{"start":{"line":321,"column":0},"end":{"line":331,"column":1}}},"fnMap":{"0":{"name":"(anonymous_0)","decl":{"start":{"line":11,"column":22},"end":{"line":11,"column":23}},"loc":{"start":{"line":11,"column":43},"end":{"line":15,"column":1}},"line":11},"1":{"name":"getBorderWidthOffset","decl":{"start":{"line":17,"column":9},"end":{"line":17,"column":29}},"loc":{"start":{"line":17,"column":63},"end":{"line":26,"column":1}},"line":17},"2":{"name":"calculateRadarBlipCoordinates","decl":{"start":{"line":28,"column":9},"end":{"line":28,"column":38}},"loc":{"start":{"line":28,"column":102},"end":{"line":45,"column":1}},"line":28},"3":{"name":"thereIsCollision","decl":{"start":{"line":47,"column":9},"end":{"line":47,"column":25}},"loc":{"start":{"line":47,"column":66},"end":{"line":55,"column":1}},"line":47},"4":{"name":"(anonymous_4)","decl":{"start":{"line":48,"column":29},"end":{"line":48,"column":30}},"loc":{"start":{"line":48,"column":59},"end":{"line":54,"column":3}},"line":48},"5":{"name":"avoidBoundaryCollision","decl":{"start":{"line":57,"column":9},"end":{"line":57,"column":31}},"loc":{"start":{"line":57,"column":56},"end":{"line":72,"column":1}},"line":57},"6":{"name":"findBlipCoordinates","decl":{"start":{"line":74,"column":9},"end":{"line":74,"column":28}},"loc":{"start":{"line":74,"column":110},"end":{"line":104,"column":1}},"line":74},"7":{"name":"blipAssistiveText","decl":{"start":{"line":106,"column":9},"end":{"line":106,"column":26}},"loc":{"start":{"line":106,"column":33},"end":{"line":110,"column":1}},"line":106},"8":{"name":"addOuterCircle","decl":{"start":{"line":111,"column":9},"end":{"line":111,"column":23}},"loc":{"start":{"line":111,"column":53},"end":{"line":121,"column":1}},"line":111},"9":{"name":"drawBlipCircle","decl":{"start":{"line":123,"column":9},"end":{"line":123,"column":23}},"loc":{"start":{"line":123,"column":60},"end":{"line":134,"column":1}},"line":123},"10":{"name":"newBlip","decl":{"start":{"line":136,"column":9},"end":{"line":136,"column":16}},"loc":{"start":{"line":136,"column":53},"end":{"line":139,"column":1}},"line":136},"11":{"name":"existingBlip","decl":{"start":{"line":141,"column":9},"end":{"line":141,"column":21}},"loc":{"start":{"line":141,"column":58},"end":{"line":143,"column":1}},"line":141},"12":{"name":"groupBlip","decl":{"start":{"line":145,"column":9},"end":{"line":145,"column":18}},"loc":{"start":{"line":145,"column":55},"end":{"line":157,"column":1}},"line":145},"13":{"name":"drawBlipInCoordinates","decl":{"start":{"line":159,"column":9},"end":{"line":159,"column":30}},"loc":{"start":{"line":159,"column":72},"end":{"line":193,"column":1}},"line":159},"14":{"name":"getGroupBlipTooltipText","decl":{"start":{"line":195,"column":9},"end":{"line":195,"column":32}},"loc":{"start":{"line":195,"column":44},"end":{"line":204,"column":1}},"line":195},"15":{"name":"(anonymous_15)","decl":{"start":{"line":198,"column":35},"end":{"line":198,"column":36}},"loc":{"start":{"line":198,"column":54},"end":{"line":201,"column":5}},"line":198},"16":{"name":"(anonymous_16)","decl":{"start":{"line":206,"column":31},"end":{"line":206,"column":32}},"loc":{"start":{"line":206,"column":57},"end":{"line":213,"column":1}},"line":206},"17":{"name":"findNewBlipCoords","decl":{"start":{"line":215,"column":9},"end":{"line":215,"column":26}},"loc":{"start":{"line":215,"column":43},"end":{"line":220,"column":1}},"line":215},"18":{"name":"(anonymous_18)","decl":{"start":{"line":222,"column":29},"end":{"line":222,"column":30}},"loc":{"start":{"line":222,"column":50},"end":{"line":229,"column":1}},"line":222},"19":{"name":"(anonymous_19)","decl":{"start":{"line":231,"column":32},"end":{"line":231,"column":33}},"loc":{"start":{"line":231,"column":61},"end":{"line":240,"column":1}},"line":231},"20":{"name":"createGroupBlip","decl":{"start":{"line":242,"column":9},"end":{"line":242,"column":24}},"loc":{"start":{"line":242,"column":69},"end":{"line":252,"column":1}},"line":242},"21":{"name":"plotGroupBlips","decl":{"start":{"line":254,"column":9},"end":{"line":254,"column":23}},"loc":{"start":{"line":254,"column":97},"end":{"line":276,"column":1}},"line":254},"22":{"name":"(anonymous_22)","decl":{"start":{"line":257,"column":20},"end":{"line":257,"column":21}},"loc":{"start":{"line":257,"column":30},"end":{"line":259,"column":3}},"line":257},"23":{"name":"(anonymous_23)","decl":{"start":{"line":261,"column":66},"end":{"line":261,"column":67}},"loc":{"start":{"line":261,"column":77},"end":{"line":261,"column":92}},"line":261},"24":{"name":"(anonymous_24)","decl":{"start":{"line":262,"column":21},"end":{"line":262,"column":22}},"loc":{"start":{"line":262,"column":38},"end":{"line":275,"column":3}},"line":262},"25":{"name":"(anonymous_25)","decl":{"start":{"line":271,"column":24},"end":{"line":271,"column":25}},"loc":{"start":{"line":271,"column":40},"end":{"line":274,"column":5}},"line":271},"26":{"name":"(anonymous_26)","decl":{"start":{"line":278,"column":23},"end":{"line":278,"column":24}},"loc":{"start":{"line":278,"column":81},"end":{"line":319,"column":1}},"line":278},"27":{"name":"(anonymous_27)","decl":{"start":{"line":286,"column":16},"end":{"line":286,"column":17}},"loc":{"start":{"line":286,"column":35},"end":{"line":318,"column":3}},"line":286},"28":{"name":"(anonymous_28)","decl":{"start":{"line":287,"column":35},"end":{"line":287,"column":36}},"loc":{"start":{"line":287,"column":51},"end":{"line":289,"column":5}},"line":287},"29":{"name":"(anonymous_29)","decl":{"start":{"line":305,"column":22},"end":{"line":305,"column":23}},"loc":{"start":{"line":305,"column":38},"end":{"line":317,"column":5}},"line":305}},"branchMap":{"0":{"loc":{"start":{"line":14,"column":9},"end":{"line":14,"column":20}},"type":"binary-expr","locations":[{"start":{"line":14,"column":9},"end":{"line":14,"column":15}},{"start":{"line":14,"column":19},"end":{"line":14,"column":20}}],"line":14},"1":{"loc":{"start":{"line":21,"column":2},"end":{"line":24,"column":3}},"type":"if","locations":[{"start":{"line":21,"column":2},"end":{"line":24,"column":3}},{"start":{},"end":{}}],"line":21},"2":{"loc":{"start":{"line":22,"column":25},"end":{"line":22,"column":67}},"type":"cond-expr","locations":[{"start":{"line":22,"column":39},"end":{"line":22,"column":40}},{"start":{"line":22,"column":43},"end":{"line":22,"column":67}}],"line":22},"3":{"loc":{"start":{"line":23,"column":25},"end":{"line":23,"column":67}},"type":"cond-expr","locations":[{"start":{"line":23,"column":39},"end":{"line":23,"column":63}},{"start":{"line":23,"column":66},"end":{"line":23,"column":67}}],"line":23},"4":{"loc":{"start":{"line":38,"column":15},"end":{"line":38,"column":48}},"type":"cond-expr","locations":[{"start":{"line":38,"column":33},"end":{"line":38,"column":35}},{"start":{"line":38,"column":38},"end":{"line":38,"column":48}}],"line":38},"5":{"loc":{"start":{"line":50,"column":6},"end":{"line":52,"column":118}},"type":"binary-expr","locations":[{"start":{"line":50,"column":6},"end":{"line":51,"column":57}},{"start":{"line":52,"column":6},"end":{"line":52,"column":118}}],"line":50},"6":{"loc":{"start":{"line":59,"column":2},"end":{"line":64,"column":3}},"type":"if","locations":[{"start":{"line":59,"column":2},"end":{"line":64,"column":3}},{"start":{},"end":{}}],"line":59},"7":{"loc":{"start":{"line":60,"column":4},"end":{"line":61,"column":75}},"type":"binary-expr","locations":[{"start":{"line":60,"column":5},"end":{"line":60,"column":16}},{"start":{"line":60,"column":20},"end":{"line":60,"column":52}},{"start":{"line":61,"column":5},"end":{"line":61,"column":16}},{"start":{"line":61,"column":20},"end":{"line":61,"column":74}}],"line":60},"8":{"loc":{"start":{"line":65,"column":2},"end":{"line":67,"column":3}},"type":"if","locations":[{"start":{"line":65,"column":2},"end":{"line":67,"column":3}},{"start":{},"end":{}}],"line":65},"9":{"loc":{"start":{"line":65,"column":6},"end":{"line":65,"column":74}},"type":"binary-expr","locations":[{"start":{"line":65,"column":6},"end":{"line":65,"column":17}},{"start":{"line":65,"column":21},"end":{"line":65,"column":74}}],"line":65},"10":{"loc":{"start":{"line":68,"column":2},"end":{"line":70,"column":3}},"type":"if","locations":[{"start":{"line":68,"column":2},"end":{"line":70,"column":3}},{"start":{},"end":{}}],"line":68},"11":{"loc":{"start":{"line":68,"column":6},"end":{"line":68,"column":101}},"type":"binary-expr","locations":[{"start":{"line":68,"column":6},"end":{"line":68,"column":17}},{"start":{"line":68,"column":21},"end":{"line":68,"column":101}}],"line":68},"12":{"loc":{"start":{"line":89,"column":4},"end":{"line":94,"column":5}},"type":"if","locations":[{"start":{"line":89,"column":4},"end":{"line":94,"column":5}},{"start":{"line":91,"column":11},"end":{"line":94,"column":5}}],"line":89},"13":{"loc":{"start":{"line":97,"column":2},"end":{"line":103,"column":3}},"type":"if","locations":[{"start":{"line":97,"column":2},"end":{"line":103,"column":3}},{"start":{"line":101,"column":9},"end":{"line":103,"column":3}}],"line":97},"14":{"loc":{"start":{"line":97,"column":6},"end":{"line":97,"column":92}},"type":"binary-expr","locations":[{"start":{"line":97,"column":6},"end":{"line":97,"column":35}},{"start":{"line":97,"column":39},"end":{"line":97,"column":51}},{"start":{"line":97,"column":55},"end":{"line":97,"column":92}}],"line":97},"15":{"loc":{"start":{"line":99,"column":27},"end":{"line":99,"column":42}},"type":"binary-expr","locations":[{"start":{"line":99,"column":27},"end":{"line":99,"column":37}},{"start":{"line":99,"column":41},"end":{"line":99,"column":42}}],"line":99},"16":{"loc":{"start":{"line":107,"column":9},"end":{"line":109,"column":94}},"type":"cond-expr","locations":[{"start":{"line":108,"column":6},"end":{"line":108,"column":65}},{"start":{"line":109,"column":6},"end":{"line":109,"column":94}}],"line":107},"17":{"loc":{"start":{"line":109,"column":53},"end":{"line":109,"column":86}},"type":"cond-expr","locations":[{"start":{"line":109,"column":68},"end":{"line":109,"column":73}},{"start":{"line":109,"column":76},"end":{"line":109,"column":86}}],"line":109},"18":{"loc":{"start":{"line":111,"column":42},"end":{"line":111,"column":51}},"type":"default-arg","locations":[{"start":{"line":111,"column":50},"end":{"line":111,"column":51}}],"line":111},"19":{"loc":{"start":{"line":133,"column":33},"end":{"line":133,"column":48}},"type":"binary-expr","locations":[{"start":{"line":133,"column":33},"end":{"line":133,"column":43}},{"start":{"line":133,"column":47},"end":{"line":133,"column":48}}],"line":133},"20":{"loc":{"start":{"line":156,"column":33},"end":{"line":156,"column":48}},"type":"binary-expr","locations":[{"start":{"line":156,"column":33},"end":{"line":156,"column":43}},{"start":{"line":156,"column":47},"end":{"line":156,"column":48}}],"line":156},"21":{"loc":{"start":{"line":174,"column":2},"end":{"line":180,"column":3}},"type":"if","locations":[{"start":{"line":174,"column":2},"end":{"line":180,"column":3}},{"start":{"line":176,"column":9},"end":{"line":180,"column":3}}],"line":174},"22":{"loc":{"start":{"line":176,"column":9},"end":{"line":180,"column":3}},"type":"if","locations":[{"start":{"line":176,"column":9},"end":{"line":180,"column":3}},{"start":{"line":178,"column":9},"end":{"line":180,"column":3}}],"line":176},"23":{"loc":{"start":{"line":184,"column":15},"end":{"line":184,"column":61}},"type":"cond-expr","locations":[{"start":{"line":184,"column":33},"end":{"line":184,"column":55}},{"start":{"line":184,"column":59},"end":{"line":184,"column":61}}],"line":184},"24":{"loc":{"start":{"line":184,"column":33},"end":{"line":184,"column":55}},"type":"cond-expr","locations":[{"start":{"line":184,"column":48},"end":{"line":184,"column":50}},{"start":{"line":184,"column":53},"end":{"line":184,"column":55}}],"line":184},"25":{"loc":{"start":{"line":185,"column":15},"end":{"line":185,"column":39}},"type":"cond-expr","locations":[{"start":{"line":185,"column":32},"end":{"line":185,"column":34}},{"start":{"line":185,"column":37},"end":{"line":185,"column":39}}],"line":185},"26":{"loc":{"start":{"line":192,"column":33},"end":{"line":192,"column":48}},"type":"binary-expr","locations":[{"start":{"line":192,"column":33},"end":{"line":192,"column":43}},{"start":{"line":192,"column":47},"end":{"line":192,"column":48}}],"line":192},"27":{"loc":{"start":{"line":197,"column":2},"end":{"line":202,"column":3}},"type":"if","locations":[{"start":{"line":197,"column":2},"end":{"line":202,"column":3}},{"start":{},"end":{}}],"line":197},"28":{"loc":{"start":{"line":258,"column":4},"end":{"line":258,"column":77}},"type":"cond-expr","locations":[{"start":{"line":258,"column":19},"end":{"line":258,"column":44}},{"start":{"line":258,"column":47},"end":{"line":258,"column":77}}],"line":258},"29":{"loc":{"start":{"line":263,"column":21},"end":{"line":263,"column":64}},"type":"cond-expr","locations":[{"start":{"line":263,"column":46},"end":{"line":263,"column":51}},{"start":{"line":263,"column":54},"end":{"line":263,"column":64}}],"line":263},"30":{"loc":{"start":{"line":291,"column":4},"end":{"line":293,"column":5}},"type":"if","locations":[{"start":{"line":291,"column":4},"end":{"line":293,"column":5}},{"start":{},"end":{}}],"line":291},"31":{"loc":{"start":{"line":300,"column":4},"end":{"line":303,"column":5}},"type":"if","locations":[{"start":{"line":300,"column":4},"end":{"line":303,"column":5}},{"start":{},"end":{}}],"line":300}},"s":{"0":1,"1":1,"2":1,"3":1,"4":1,"5":1,"6":1,"7":1,"8":1,"9":1,"10":21,"11":21,"12":21,"13":2,"14":2,"15":2,"16":1,"17":1,"18":2,"19":2,"20":2,"21":2,"22":2,"23":2,"24":2,"25":2,"26":2,"27":2,"28":2,"29":3,"30":3,"31":2,"32":2,"33":1,"34":2,"35":0,"36":2,"37":0,"38":2,"39":0,"40":0,"41":0,"42":0,"43":0,"44":0,"45":0,"46":0,"47":0,"48":0,"49":0,"50":0,"51":0,"52":0,"53":0,"54":0,"55":1,"56":0,"57":0,"58":0,"59":0,"60":0,"61":0,"62":0,"63":0,"64":0,"65":0,"66":0,"67":0,"68":0,"69":0,"70":0,"71":0,"72":0,"73":0,"74":2,"75":2,"76":1,"77":15,"78":15,"79":2,"80":1,"81":5,"82":5,"83":5,"84":5,"85":5,"86":5,"87":5,"88":5,"89":5,"90":5,"91":1,"92":5,"93":5,"94":1,"95":1,"96":1,"97":1,"98":1,"99":1,"100":1,"101":1,"102":1,"103":1,"104":1,"105":0,"106":0,"107":0,"108":0,"109":0,"110":0,"111":0,"112":0,"113":0,"114":0,"115":0,"116":0,"117":0,"118":0,"119":0,"120":0,"121":0,"122":0,"123":1,"124":0,"125":0,"126":0,"127":0,"128":0,"129":0,"130":0,"131":0,"132":0,"133":0,"134":0,"135":0,"136":0,"137":0,"138":0,"139":0,"140":0,"141":0,"142":0,"143":0,"144":0,"145":1},"f":{"0":21,"1":2,"2":2,"3":3,"4":3,"5":2,"6":0,"7":1,"8":0,"9":0,"10":0,"11":0,"12":0,"13":0,"14":2,"15":15,"16":5,"17":5,"18":5,"19":1,"20":1,"21":0,"22":0,"23":0,"24":0,"25":0,"26":0,"27":0,"28":0,"29":0},"b":{"0":[21,4],"1":[1,1],"2":[0,1],"3":[0,1],"4":[0,2],"5":[3,2],"6":[1,1],"7":[2,1,2,1],"8":[0,2],"9":[2,2],"10":[0,2],"11":[2,0],"12":[0,0],"13":[0,0],"14":[0,0,0],"15":[0,0],"16":[1,0],"17":[0,0],"18":[0],"19":[0,0],"20":[0,0],"21":[0,0],"22":[0,0],"23":[0,0],"24":[0,0],"25":[0,0],"26":[0,0],"27":[1,1],"28":[0,0],"29":[0,0],"30":[0,0],"31":[0,0]},"_coverageSchema":"1a1c01bbd47fc00a2c39e90264f33305004495a9","hash":"0f266a51efcbcf37ab860a60fe9dd1000b500cc3"}
,"/home/baloo/radar/build-your-own-radar/src/graphing/config.js": {"path":"/home/baloo/radar/build-your-own-radar/src/graphing/config.js","statementMap":{"0":{"start":{"line":1,"column":21},"end":{"line":1,"column":24}},"1":{"start":{"line":2,"column":20},"end":{"line":2,"column":22}},"2":{"start":{"line":4,"column":21},"end":{"line":6,"column":1}},"3":{"start":{"line":5,"column":2},"end":{"line":5,"column":116}},"4":{"start":{"line":8,"column":17},"end":{"line":10,"column":1}},"5":{"start":{"line":9,"column":2},"end":{"line":9,"column":86}},"6":{"start":{"line":12,"column":18},"end":{"line":14,"column":1}},"7":{"start":{"line":13,"column":2},"end":{"line":13,"column":53}},"8":{"start":{"line":15,"column":22},"end":{"line":17,"column":1}},"9":{"start":{"line":16,"column":2},"end":{"line":16,"column":74}},"10":{"start":{"line":19,"column":20},"end":{"line":34,"column":1}},"11":{"start":{"line":36,"column":17},"end":{"line":44,"column":1}},"12":{"start":{"line":47,"column":2},"end":{"line":47,"column":46}},"13":{"start":{"line":51,"column":2},"end":{"line":51,"column":81}},"14":{"start":{"line":55,"column":2},"end":{"line":55,"column":42}},"15":{"start":{"line":59,"column":2},"end":{"line":59,"column":72}},"16":{"start":{"line":62,"column":0},"end":{"line":70,"column":1}}},"fnMap":{"0":{"name":"(anonymous_0)","decl":{"start":{"line":4,"column":21},"end":{"line":4,"column":22}},"loc":{"start":{"line":4,"column":27},"end":{"line":6,"column":1}},"line":4},"1":{"name":"(anonymous_1)","decl":{"start":{"line":8,"column":17},"end":{"line":8,"column":18}},"loc":{"start":{"line":8,"column":23},"end":{"line":10,"column":1}},"line":8},"2":{"name":"(anonymous_2)","decl":{"start":{"line":12,"column":18},"end":{"line":12,"column":19}},"loc":{"start":{"line":12,"column":54},"end":{"line":14,"column":1}},"line":12},"3":{"name":"(anonymous_3)","decl":{"start":{"line":15,"column":22},"end":{"line":15,"column":23}},"loc":{"start":{"line":15,"column":28},"end":{"line":17,"column":1}},"line":15},"4":{"name":"getScale","decl":{"start":{"line":46,"column":9},"end":{"line":46,"column":17}},"loc":{"start":{"line":46,"column":20},"end":{"line":48,"column":1}},"line":46},"5":{"name":"getGraphSize","decl":{"start":{"line":50,"column":9},"end":{"line":50,"column":21}},"loc":{"start":{"line":50,"column":24},"end":{"line":52,"column":1}},"line":50},"6":{"name":"getScaledQuadrantWidth","decl":{"start":{"line":54,"column":9},"end":{"line":54,"column":31}},"loc":{"start":{"line":54,"column":39},"end":{"line":56,"column":1}},"line":54},"7":{"name":"getScaledQuadrantHeightWithGap","decl":{"start":{"line":58,"column":9},"end":{"line":58,"column":39}},"loc":{"start":{"line":58,"column":47},"end":{"line":60,"column":1}},"line":58}},"branchMap":{"0":{"loc":{"start":{"line":5,"column":9},"end":{"line":5,"column":116}},"type":"binary-expr","locations":[{"start":{"line":5,"column":9},"end":{"line":5,"column":50}},{"start":{"line":5,"column":54},"end":{"line":5,"column":116}}],"line":5},"1":{"loc":{"start":{"line":5,"column":20},"end":{"line":5,"column":49}},"type":"binary-expr","locations":[{"start":{"line":5,"column":20},"end":{"line":5,"column":41}},{"start":{"line":5,"column":45},"end":{"line":5,"column":49}}],"line":5},"2":{"loc":{"start":{"line":9,"column":9},"end":{"line":9,"column":86}},"type":"binary-expr","locations":[{"start":{"line":9,"column":9},"end":{"line":9,"column":46}},{"start":{"line":9,"column":50},"end":{"line":9,"column":86}}],"line":9},"3":{"loc":{"start":{"line":9,"column":20},"end":{"line":9,"column":45}},"type":"binary-expr","locations":[{"start":{"line":9,"column":20},"end":{"line":9,"column":37}},{"start":{"line":9,"column":41},"end":{"line":9,"column":45}}],"line":9},"4":{"loc":{"start":{"line":13,"column":9},"end":{"line":13,"column":53}},"type":"binary-expr","locations":[{"start":{"line":13,"column":9},"end":{"line":13,"column":30}},{"start":{"line":13,"column":34},"end":{"line":13,"column":53}}],"line":13},"5":{"loc":{"start":{"line":16,"column":9},"end":{"line":16,"column":74}},"type":"binary-expr","locations":[{"start":{"line":16,"column":9},"end":{"line":16,"column":36}},{"start":{"line":16,"column":40},"end":{"line":16,"column":74}}],"line":16},"6":{"loc":{"start":{"line":47,"column":9},"end":{"line":47,"column":46}},"type":"cond-expr","locations":[{"start":{"line":47,"column":36},"end":{"line":47,"column":40}},{"start":{"line":47,"column":43},"end":{"line":47,"column":46}}],"line":47}},"s":{"0":5,"1":5,"2":5,"3":10,"4":5,"5":6,"6":5,"7":1,"8":5,"9":5,"10":5,"11":5,"12":2,"13":1,"14":1,"15":1,"16":5},"f":{"0":10,"1":6,"2":1,"3":5,"4":2,"5":1,"6":1,"7":1},"b":{"0":[10,6],"1":[10,6],"2":[6,6],"3":[6,6],"4":[1,1],"5":[5,1],"6":[1,1]},"_coverageSchema":"1a1c01bbd47fc00a2c39e90264f33305004495a9","hash":"4e80e0de1caf88de725a3522c5806f23e7ed8964"}
,"/home/baloo/radar/build-your-own-radar/src/graphing/pdfPage.js": {"path":"/home/baloo/radar/build-your-own-radar/src/graphing/pdfPage.js","statementMap":{"0":{"start":{"line":1,"column":11},"end":{"line":1,"column":24}},"1":{"start":{"line":3,"column":25},"end":{"line":5,"column":1}},"2":{"start":{"line":4,"column":2},"end":{"line":4,"column":58}},"3":{"start":{"line":7,"column":30},"end":{"line":9,"column":1}},"4":{"start":{"line":8,"column":2},"end":{"line":8,"column":71}},"5":{"start":{"line":11,"column":33},"end":{"line":16,"column":1}},"6":{"start":{"line":12,"column":2},"end":{"line":15,"column":23}},"7":{"start":{"line":18,"column":0},"end":{"line":18,"column":86}}},"fnMap":{"0":{"name":"(anonymous_0)","decl":{"start":{"line":3,"column":25},"end":{"line":3,"column":26}},"loc":{"start":{"line":3,"column":36},"end":{"line":5,"column":1}},"line":3},"1":{"name":"(anonymous_1)","decl":{"start":{"line":7,"column":30},"end":{"line":7,"column":31}},"loc":{"start":{"line":7,"column":36},"end":{"line":9,"column":1}},"line":7},"2":{"name":"(anonymous_2)","decl":{"start":{"line":11,"column":33},"end":{"line":11,"column":34}},"loc":{"start":{"line":11,"column":58},"end":{"line":16,"column":1}},"line":11}},"branchMap":{},"s":{"0":0,"1":0,"2":0,"3":0,"4":0,"5":0,"6":0,"7":0},"f":{"0":0,"1":0,"2":0},"b":{}}
,"/home/baloo/radar/build-your-own-radar/src/graphing/radar.js": {"path":"/home/baloo/radar/build-your-own-radar/src/graphing/radar.js","statementMap":{"0":{"start":{"line":1,"column":11},"end":{"line":1,"column":24}},"1":{"start":{"line":2,"column":27},"end":{"line":2,"column":44}},"2":{"start":{"line":3,"column":15},"end":{"line":3,"column":32}},"3":{"start":{"line":4,"column":10},"end":{"line":4,"column":32}},"4":{"start":{"line":6,"column":23},"end":{"line":6,"column":56}},"5":{"start":{"line":7,"column":21},"end":{"line":7,"column":52}},"6":{"start":{"line":8,"column":15},"end":{"line":8,"column":35}},"7":{"start":{"line":9,"column":23},"end":{"line":9,"column":46}},"8":{"start":{"line":10,"column":27},"end":{"line":10,"column":45}},"9":{"start":{"line":11,"column":38},"end":{"line":11,"column":57}},"10":{"start":{"line":13,"column":25},"end":{"line":13,"column":55}},"11":{"start":{"line":14,"column":33},"end":{"line":14,"column":71}},"12":{"start":{"line":15,"column":25},"end":{"line":15,"column":55}},"13":{"start":{"line":16,"column":36},"end":{"line":16,"column":77}},"14":{"start":{"line":17,"column":26},"end":{"line":17,"column":57}},"15":{"start":{"line":23,"column":4},"end":{"line":23,"column":37}},"16":{"start":{"line":24,"column":33},"end":{"line":24,"column":71}},"17":{"start":{"line":25,"column":60},"end":{"line":25,"column":80}},"18":{"start":{"line":27,"column":30},"end":{"line":27,"column":57}},"19":{"start":{"line":28,"column":21},"end":{"line":28,"column":49}},"20":{"start":{"line":30,"column":23},"end":{"line":30,"column":25}},"21":{"start":{"line":31,"column":27},"end":{"line":31,"column":31}},"22":{"start":{"line":33,"column":14},"end":{"line":838,"column":1}},"23":{"start":{"line":34,"column":17},"end":{"line":34,"column":25}},"24":{"start":{"line":37,"column":12},"end":{"line":41,"column":6}},"25":{"start":{"line":40,"column":6},"end":{"line":40,"column":17}},"26":{"start":{"line":43,"column":2},"end":{"line":45,"column":4}},"27":{"start":{"line":44,"column":4},"end":{"line":44,"column":14}},"28":{"start":{"line":47,"column":23},"end":{"line":47,"column":71}},"29":{"start":{"line":49,"column":13},"end":{"line":49,"column":15}},"30":{"start":{"line":53,"column":19},"end":{"line":53,"column":82}},"31":{"start":{"line":54,"column":17},"end":{"line":54,"column":85}},"32":{"start":{"line":56,"column":17},"end":{"line":56,"column":79}},"33":{"start":{"line":57,"column":15},"end":{"line":57,"column":82}},"34":{"start":{"line":59,"column":4},"end":{"line":63,"column":5}},"35":{"start":{"line":60,"column":18},"end":{"line":60,"column":22}},"36":{"start":{"line":61,"column":6},"end":{"line":61,"column":19}},"37":{"start":{"line":62,"column":6},"end":{"line":62,"column":18}},"38":{"start":{"line":64,"column":24},"end":{"line":64,"column":84}},"39":{"start":{"line":66,"column":4},"end":{"line":72,"column":40}},"40":{"start":{"line":74,"column":4},"end":{"line":80,"column":40}},"41":{"start":{"line":84,"column":24},"end":{"line":89,"column":80}},"42":{"start":{"line":91,"column":4},"end":{"line":104,"column":6}},"43":{"start":{"line":92,"column":16},"end":{"line":97,"column":53}},"44":{"start":{"line":99,"column":6},"end":{"line":103,"column":71}},"45":{"start":{"line":106,"column":4},"end":{"line":106,"column":24}},"46":{"start":{"line":110,"column":4},"end":{"line":128,"column":6}},"47":{"start":{"line":111,"column":6},"end":{"line":127,"column":7}},"48":{"start":{"line":112,"column":8},"end":{"line":118,"column":28}},"49":{"start":{"line":120,"column":8},"end":{"line":126,"column":28}},"50":{"start":{"line":132,"column":4},"end":{"line":151,"column":6}},"51":{"start":{"line":133,"column":35},"end":{"line":133,"column":105}},"52":{"start":{"line":134,"column":6},"end":{"line":150,"column":7}},"53":{"start":{"line":135,"column":8},"end":{"line":141,"column":37}},"54":{"start":{"line":143,"column":8},"end":{"line":149,"column":37}},"55":{"start":{"line":155,"column":4},"end":{"line":171,"column":27}},"56":{"start":{"line":175,"column":4},"end":{"line":184,"column":7}},"57":{"start":{"line":188,"column":4},"end":{"line":204,"column":27}},"58":{"start":{"line":208,"column":4},"end":{"line":217,"column":7}},"59":{"start":{"line":221,"column":16},"end":{"line":221,"column":53}},"60":{"start":{"line":222,"column":4},"end":{"line":222,"column":33}},"61":{"start":{"line":223,"column":4},"end":{"line":223,"column":29}},"62":{"start":{"line":227,"column":18},"end":{"line":227,"column":81}},"63":{"start":{"line":228,"column":18},"end":{"line":228,"column":82}},"64":{"start":{"line":230,"column":17},"end":{"line":233,"column":6}},"65":{"start":{"line":234,"column":21},"end":{"line":234,"column":82}},"66":{"start":{"line":235,"column":4},"end":{"line":235,"column":50}},"67":{"start":{"line":236,"column":16},"end":{"line":236,"column":83}},"68":{"start":{"line":238,"column":12},"end":{"line":238,"column":55}},"69":{"start":{"line":239,"column":12},"end":{"line":239,"column":55}},"70":{"start":{"line":241,"column":4},"end":{"line":241,"column":17}},"71":{"start":{"line":245,"column":4},"end":{"line":250,"column":6}},"72":{"start":{"line":246,"column":6},"end":{"line":249,"column":7}},"73":{"start":{"line":256,"column":4},"end":{"line":256,"column":39}},"74":{"start":{"line":257,"column":4},"end":{"line":257,"column":43}},"75":{"start":{"line":258,"column":4},"end":{"line":258,"column":33}},"76":{"start":{"line":260,"column":4},"end":{"line":263,"column":28}},"77":{"start":{"line":265,"column":4},"end":{"line":265,"column":28}},"78":{"start":{"line":266,"column":4},"end":{"line":303,"column":6}},"79":{"start":{"line":267,"column":22},"end":{"line":269,"column":8}},"80":{"start":{"line":268,"column":8},"end":{"line":268,"column":35}},"81":{"start":{"line":271,"column":6},"end":{"line":273,"column":7}},"82":{"start":{"line":272,"column":8},"end":{"line":272,"column":14}},"83":{"start":{"line":277,"column":6},"end":{"line":277,"column":45}},"84":{"start":{"line":278,"column":6},"end":{"line":278,"column":49}},"85":{"start":{"line":280,"column":20},"end":{"line":285,"column":13}},"86":{"start":{"line":284,"column":10},"end":{"line":284,"column":36}},"87":{"start":{"line":286,"column":24},"end":{"line":291,"column":13}},"88":{"start":{"line":290,"column":10},"end":{"line":290,"column":36}},"89":{"start":{"line":292,"column":6},"end":{"line":292,"column":104}},"90":{"start":{"line":294,"column":21},"end":{"line":294,"column":48}},"91":{"start":{"line":295,"column":37},"end":{"line":295,"column":39}},"92":{"start":{"line":297,"column":6},"end":{"line":302,"column":8}},"93":{"start":{"line":298,"column":28},"end":{"line":298,"column":120}},"94":{"start":{"line":300,"column":8},"end":{"line":300,"column":50}},"95":{"start":{"line":301,"column":8},"end":{"line":301,"column":80}},"96":{"start":{"line":307,"column":26},"end":{"line":307,"column":29}},"97":{"start":{"line":308,"column":22},"end":{"line":308,"column":109}},"98":{"start":{"line":309,"column":27},"end":{"line":309,"column":28}},"99":{"start":{"line":310,"column":22},"end":{"line":310,"column":27}},"100":{"start":{"line":312,"column":4},"end":{"line":320,"column":5}},"101":{"start":{"line":313,"column":6},"end":{"line":318,"column":7}},"102":{"start":{"line":314,"column":8},"end":{"line":314,"column":109}},"103":{"start":{"line":316,"column":8},"end":{"line":316,"column":26}},"104":{"start":{"line":317,"column":8},"end":{"line":317,"column":13}},"105":{"start":{"line":319,"column":6},"end":{"line":319,"column":24}},"106":{"start":{"line":322,"column":4},"end":{"line":327,"column":5}},"107":{"start":{"line":323,"column":6},"end":{"line":323,"column":33}},"108":{"start":{"line":324,"column":6},"end":{"line":324,"column":113}},"109":{"start":{"line":326,"column":6},"end":{"line":326,"column":24}},"110":{"start":{"line":331,"column":12},"end":{"line":331,"column":26}},"111":{"start":{"line":332,"column":12},"end":{"line":332,"column":26}},"112":{"start":{"line":334,"column":16},"end":{"line":337,"column":43}},"113":{"start":{"line":339,"column":4},"end":{"line":343,"column":5}},"114":{"start":{"line":340,"column":6},"end":{"line":340,"column":40}},"115":{"start":{"line":342,"column":6},"end":{"line":342,"column":38}},"116":{"start":{"line":344,"column":4},"end":{"line":352,"column":28}},"117":{"start":{"line":354,"column":23},"end":{"line":354,"column":44}},"118":{"start":{"line":355,"column":19},"end":{"line":355,"column":101}},"119":{"start":{"line":356,"column":4},"end":{"line":360,"column":21}},"120":{"start":{"line":362,"column":30},"end":{"line":365,"column":45}},"121":{"start":{"line":366,"column":4},"end":{"line":368,"column":5}},"122":{"start":{"line":367,"column":6},"end":{"line":367,"column":62}},"123":{"start":{"line":370,"column":20},"end":{"line":375,"column":5}},"124":{"start":{"line":371,"column":6},"end":{"line":371,"column":54}},"125":{"start":{"line":372,"column":6},"end":{"line":372,"column":32}},"126":{"start":{"line":373,"column":6},"end":{"line":373,"column":74}},"127":{"start":{"line":374,"column":6},"end":{"line":374,"column":41}},"128":{"start":{"line":377,"column":19},"end":{"line":381,"column":5}},"129":{"start":{"line":378,"column":6},"end":{"line":378,"column":54}},"130":{"start":{"line":379,"column":6},"end":{"line":379,"column":75}},"131":{"start":{"line":380,"column":6},"end":{"line":380,"column":49}},"132":{"start":{"line":383,"column":4},"end":{"line":383,"column":68}},"133":{"start":{"line":384,"column":4},"end":{"line":384,"column":61}},"134":{"start":{"line":386,"column":20},"end":{"line":394,"column":5}},"135":{"start":{"line":387,"column":6},"end":{"line":388,"column":79}},"136":{"start":{"line":389,"column":6},"end":{"line":389,"column":87}},"137":{"start":{"line":391,"column":6},"end":{"line":393,"column":8}},"138":{"start":{"line":392,"column":8},"end":{"line":392,"column":34}},"139":{"start":{"line":396,"column":4},"end":{"line":396,"column":39}},"140":{"start":{"line":400,"column":4},"end":{"line":400,"column":36}},"141":{"start":{"line":404,"column":4},"end":{"line":418,"column":5}},"142":{"start":{"line":405,"column":6},"end":{"line":417,"column":9}},"143":{"start":{"line":422,"column":4},"end":{"line":422,"column":33}},"144":{"start":{"line":426,"column":4},"end":{"line":426,"column":23}},"145":{"start":{"line":428,"column":22},"end":{"line":428,"column":36}},"146":{"start":{"line":429,"column":20},"end":{"line":429,"column":31}},"147":{"start":{"line":431,"column":20},"end":{"line":434,"column":51}},"148":{"start":{"line":436,"column":12},"end":{"line":436,"column":14}},"149":{"start":{"line":437,"column":12},"end":{"line":437,"column":14}},"150":{"start":{"line":439,"column":4},"end":{"line":442,"column":5}},"151":{"start":{"line":440,"column":6},"end":{"line":440,"column":24}},"152":{"start":{"line":441,"column":6},"end":{"line":441,"column":24}},"153":{"start":{"line":444,"column":4},"end":{"line":447,"column":5}},"154":{"start":{"line":445,"column":6},"end":{"line":445,"column":29}},"155":{"start":{"line":446,"column":6},"end":{"line":446,"column":29}},"156":{"start":{"line":449,"column":4},"end":{"line":452,"column":5}},"157":{"start":{"line":450,"column":6},"end":{"line":450,"column":29}},"158":{"start":{"line":451,"column":6},"end":{"line":451,"column":29}},"159":{"start":{"line":454,"column":4},"end":{"line":457,"column":5}},"160":{"start":{"line":455,"column":6},"end":{"line":455,"column":24}},"161":{"start":{"line":456,"column":6},"end":{"line":456,"column":24}},"162":{"start":{"line":459,"column":4},"end":{"line":462,"column":37}},"163":{"start":{"line":464,"column":4},"end":{"line":464,"column":35}},"164":{"start":{"line":466,"column":4},"end":{"line":471,"column":24}},"165":{"start":{"line":473,"column":4},"end":{"line":473,"column":38}},"166":{"start":{"line":475,"column":4},"end":{"line":480,"column":22}},"167":{"start":{"line":484,"column":4},"end":{"line":484,"column":20}},"168":{"start":{"line":485,"column":4},"end":{"line":485,"column":23}},"169":{"start":{"line":486,"column":4},"end":{"line":486,"column":14}},"170":{"start":{"line":487,"column":4},"end":{"line":487,"column":52}},"171":{"start":{"line":489,"column":4},"end":{"line":489,"column":42}},"172":{"start":{"line":491,"column":4},"end":{"line":491,"column":81}},"173":{"start":{"line":493,"column":4},"end":{"line":493,"column":62}},"174":{"start":{"line":494,"column":4},"end":{"line":494,"column":57}},"175":{"start":{"line":496,"column":4},"end":{"line":496,"column":107}},"176":{"start":{"line":498,"column":4},"end":{"line":506,"column":5}},"177":{"start":{"line":499,"column":6},"end":{"line":499,"column":71}},"178":{"start":{"line":500,"column":6},"end":{"line":502,"column":8}},"179":{"start":{"line":501,"column":8},"end":{"line":501,"column":39}},"180":{"start":{"line":503,"column":6},"end":{"line":503,"column":63}},"181":{"start":{"line":505,"column":6},"end":{"line":505,"column":120}},"182":{"start":{"line":507,"column":4},"end":{"line":507,"column":67}},"183":{"start":{"line":511,"column":4},"end":{"line":511,"column":26}},"184":{"start":{"line":513,"column":4},"end":{"line":513,"column":53}},"185":{"start":{"line":515,"column":4},"end":{"line":519,"column":6}},"186":{"start":{"line":521,"column":4},"end":{"line":521,"column":53}},"187":{"start":{"line":522,"column":4},"end":{"line":522,"column":60}},"188":{"start":{"line":523,"column":4},"end":{"line":523,"column":63}},"189":{"start":{"line":525,"column":4},"end":{"line":525,"column":65}},"190":{"start":{"line":527,"column":17},"end":{"line":527,"column":31}},"191":{"start":{"line":528,"column":4},"end":{"line":528,"column":36}},"192":{"start":{"line":529,"column":4},"end":{"line":529,"column":33}},"193":{"start":{"line":530,"column":4},"end":{"line":530,"column":48}},"194":{"start":{"line":531,"column":4},"end":{"line":531,"column":81}},"195":{"start":{"line":533,"column":4},"end":{"line":533,"column":88}},"196":{"start":{"line":534,"column":4},"end":{"line":534,"column":75}},"197":{"start":{"line":536,"column":4},"end":{"line":536,"column":74}},"198":{"start":{"line":538,"column":4},"end":{"line":543,"column":13}},"199":{"start":{"line":541,"column":8},"end":{"line":541,"column":19}},"200":{"start":{"line":545,"column":4},"end":{"line":545,"column":52}},"201":{"start":{"line":547,"column":4},"end":{"line":547,"column":119}},"202":{"start":{"line":549,"column":4},"end":{"line":549,"column":81}},"203":{"start":{"line":551,"column":4},"end":{"line":551,"column":62}},"204":{"start":{"line":552,"column":4},"end":{"line":552,"column":57}},"205":{"start":{"line":554,"column":4},"end":{"line":560,"column":42}},"206":{"start":{"line":562,"column":4},"end":{"line":562,"column":69}},"207":{"start":{"line":563,"column":4},"end":{"line":563,"column":53}},"208":{"start":{"line":565,"column":34},"end":{"line":565,"column":61}},"209":{"start":{"line":566,"column":4},"end":{"line":566,"column":56}},"210":{"start":{"line":567,"column":4},"end":{"line":567,"column":45}},"211":{"start":{"line":569,"column":4},"end":{"line":569,"column":85}},"212":{"start":{"line":570,"column":4},"end":{"line":570,"column":91}},"213":{"start":{"line":571,"column":4},"end":{"line":571,"column":83}},"214":{"start":{"line":573,"column":4},"end":{"line":573,"column":74}},"215":{"start":{"line":577,"column":31},"end":{"line":577,"column":38}},"216":{"start":{"line":578,"column":31},"end":{"line":578,"column":92}},"217":{"start":{"line":579,"column":4},"end":{"line":579,"column":66}},"218":{"start":{"line":580,"column":25},"end":{"line":580,"column":68}},"219":{"start":{"line":581,"column":4},"end":{"line":582,"column":77}},"220":{"start":{"line":583,"column":4},"end":{"line":583,"column":42}},"221":{"start":{"line":585,"column":4},"end":{"line":585,"column":52}},"222":{"start":{"line":586,"column":18},"end":{"line":586,"column":54}},"223":{"start":{"line":587,"column":4},"end":{"line":587,"column":30}},"224":{"start":{"line":588,"column":4},"end":{"line":588,"column":63}},"225":{"start":{"line":589,"column":4},"end":{"line":589,"column":72}},"226":{"start":{"line":590,"column":4},"end":{"line":599,"column":5}},"227":{"start":{"line":591,"column":6},"end":{"line":591,"column":41}},"228":{"start":{"line":594,"column":6},"end":{"line":594,"column":16}},"229":{"start":{"line":596,"column":6},"end":{"line":598,"column":28}},"230":{"start":{"line":597,"column":8},"end":{"line":597,"column":43}},"231":{"start":{"line":603,"column":4},"end":{"line":603,"column":32}},"232":{"start":{"line":605,"column":4},"end":{"line":605,"column":70}},"233":{"start":{"line":606,"column":4},"end":{"line":606,"column":75}},"234":{"start":{"line":608,"column":4},"end":{"line":608,"column":85}},"235":{"start":{"line":613,"column":6},"end":{"line":613,"column":82}},"236":{"start":{"line":615,"column":6},"end":{"line":621,"column":82}},"237":{"start":{"line":624,"column":4},"end":{"line":626,"column":6}},"238":{"start":{"line":625,"column":6},"end":{"line":625,"column":29}},"239":{"start":{"line":628,"column":4},"end":{"line":634,"column":45}},"240":{"start":{"line":636,"column":4},"end":{"line":642,"column":36}},"241":{"start":{"line":644,"column":4},"end":{"line":644,"column":57}},"242":{"start":{"line":648,"column":4},"end":{"line":659,"column":7}},"243":{"start":{"line":663,"column":4},"end":{"line":663,"column":61}},"244":{"start":{"line":664,"column":4},"end":{"line":664,"column":92}},"245":{"start":{"line":668,"column":4},"end":{"line":668,"column":90}},"246":{"start":{"line":672,"column":4},"end":{"line":674,"column":6}},"247":{"start":{"line":673,"column":6},"end":{"line":673,"column":49}},"248":{"start":{"line":678,"column":4},"end":{"line":678,"column":57}},"249":{"start":{"line":679,"column":4},"end":{"line":679,"column":39}},"250":{"start":{"line":681,"column":4},"end":{"line":681,"column":82}},"251":{"start":{"line":682,"column":4},"end":{"line":682,"column":62}},"252":{"start":{"line":683,"column":4},"end":{"line":683,"column":62}},"253":{"start":{"line":684,"column":4},"end":{"line":684,"column":70}},"254":{"start":{"line":685,"column":4},"end":{"line":685,"column":69}},"255":{"start":{"line":687,"column":16},"end":{"line":687,"column":17}},"256":{"start":{"line":689,"column":18},"end":{"line":689,"column":81}},"257":{"start":{"line":690,"column":18},"end":{"line":690,"column":81}},"258":{"start":{"line":692,"column":21},"end":{"line":692,"column":104}},"259":{"start":{"line":693,"column":21},"end":{"line":693,"column":117}},"260":{"start":{"line":694,"column":4},"end":{"line":696,"column":5}},"261":{"start":{"line":695,"column":6},"end":{"line":695,"column":20}},"262":{"start":{"line":698,"column":24},"end":{"line":698,"column":111}},"263":{"start":{"line":699,"column":24},"end":{"line":699,"column":64}},"264":{"start":{"line":701,"column":20},"end":{"line":701,"column":74}},"265":{"start":{"line":702,"column":19},"end":{"line":702,"column":73}},"266":{"start":{"line":704,"column":20},"end":{"line":704,"column":25}},"267":{"start":{"line":705,"column":24},"end":{"line":705,"column":51}},"268":{"start":{"line":707,"column":4},"end":{"line":707,"column":71}},"269":{"start":{"line":709,"column":4},"end":{"line":712,"column":96}},"270":{"start":{"line":713,"column":4},"end":{"line":720,"column":6}},"271":{"start":{"line":714,"column":14},"end":{"line":714,"column":39}},"272":{"start":{"line":715,"column":14},"end":{"line":715,"column":39}},"273":{"start":{"line":716,"column":6},"end":{"line":719,"column":116}},"274":{"start":{"line":722,"column":4},"end":{"line":722,"column":67}},"275":{"start":{"line":724,"column":4},"end":{"line":728,"column":90}},"276":{"start":{"line":730,"column":4},"end":{"line":732,"column":5}},"277":{"start":{"line":731,"column":6},"end":{"line":731,"column":23}},"278":{"start":{"line":735,"column":2},"end":{"line":742,"column":3}},"279":{"start":{"line":736,"column":4},"end":{"line":736,"column":38}},"280":{"start":{"line":737,"column":4},"end":{"line":740,"column":5}},"281":{"start":{"line":738,"column":23},"end":{"line":738,"column":29}},"282":{"start":{"line":739,"column":6},"end":{"line":739,"column":74}},"283":{"start":{"line":741,"column":4},"end":{"line":741,"column":15}},"284":{"start":{"line":745,"column":33},"end":{"line":745,"column":106}},"285":{"start":{"line":747,"column":4},"end":{"line":747,"column":79}},"286":{"start":{"line":748,"column":4},"end":{"line":762,"column":6}},"287":{"start":{"line":749,"column":6},"end":{"line":753,"column":26}},"288":{"start":{"line":755,"column":6},"end":{"line":761,"column":7}},"289":{"start":{"line":756,"column":8},"end":{"line":760,"column":59}},"290":{"start":{"line":758,"column":12},"end":{"line":758,"column":57}},"291":{"start":{"line":765,"column":2},"end":{"line":835,"column":3}},"292":{"start":{"line":768,"column":4},"end":{"line":768,"column":25}},"293":{"start":{"line":769,"column":4},"end":{"line":769,"column":33}},"294":{"start":{"line":770,"column":4},"end":{"line":770,"column":42}},"295":{"start":{"line":771,"column":4},"end":{"line":771,"column":42}},"296":{"start":{"line":773,"column":24},"end":{"line":773,"column":55}},"297":{"start":{"line":774,"column":24},"end":{"line":774,"column":55}},"298":{"start":{"line":776,"column":4},"end":{"line":776,"column":33}},"299":{"start":{"line":778,"column":4},"end":{"line":796,"column":5}},"300":{"start":{"line":779,"column":6},"end":{"line":779,"column":67}},"301":{"start":{"line":780,"column":6},"end":{"line":780,"column":42}},"302":{"start":{"line":781,"column":6},"end":{"line":781,"column":70}},"303":{"start":{"line":782,"column":6},"end":{"line":782,"column":44}},"304":{"start":{"line":783,"column":6},"end":{"line":783,"column":32}},"305":{"start":{"line":785,"column":34},"end":{"line":785,"column":78}},"306":{"start":{"line":786,"column":6},"end":{"line":788,"column":8}},"307":{"start":{"line":787,"column":8},"end":{"line":787,"column":35}},"308":{"start":{"line":790,"column":6},"end":{"line":790,"column":23}},"309":{"start":{"line":791,"column":6},"end":{"line":791,"column":23}},"310":{"start":{"line":792,"column":6},"end":{"line":794,"column":7}},"311":{"start":{"line":793,"column":8},"end":{"line":793,"column":57}},"312":{"start":{"line":795,"column":6},"end":{"line":795,"column":36}},"313":{"start":{"line":798,"column":4},"end":{"line":798,"column":46}},"314":{"start":{"line":800,"column":4},"end":{"line":810,"column":5}},"315":{"start":{"line":801,"column":27},"end":{"line":801,"column":29}},"316":{"start":{"line":802,"column":6},"end":{"line":802,"column":62}},"317":{"start":{"line":803,"column":6},"end":{"line":803,"column":75}},"318":{"start":{"line":805,"column":6},"end":{"line":805,"column":52}},"319":{"start":{"line":806,"column":6},"end":{"line":809,"column":34}},"320":{"start":{"line":812,"column":4},"end":{"line":828,"column":6}},"321":{"start":{"line":814,"column":6},"end":{"line":827,"column":7}},"322":{"start":{"line":815,"column":8},"end":{"line":815,"column":93}},"323":{"start":{"line":816,"column":8},"end":{"line":816,"column":42}},"324":{"start":{"line":817,"column":30},"end":{"line":817,"column":55}},"325":{"start":{"line":818,"column":8},"end":{"line":818,"column":53}},"326":{"start":{"line":819,"column":8},"end":{"line":819,"column":59}},"327":{"start":{"line":820,"column":8},"end":{"line":820,"column":34}},"328":{"start":{"line":821,"column":8},"end":{"line":821,"column":74}},"329":{"start":{"line":823,"column":8},"end":{"line":823,"column":53}},"330":{"start":{"line":824,"column":8},"end":{"line":824,"column":42}},"331":{"start":{"line":825,"column":8},"end":{"line":825,"column":49}},"332":{"start":{"line":826,"column":8},"end":{"line":826,"column":49}},"333":{"start":{"line":830,"column":4},"end":{"line":834,"column":5}},"334":{"start":{"line":831,"column":6},"end":{"line":831,"column":38}},"335":{"start":{"line":832,"column":6},"end":{"line":832,"column":30}},"336":{"start":{"line":833,"column":6},"end":{"line":833,"column":29}},"337":{"start":{"line":837,"column":2},"end":{"line":837,"column":13}},"338":{"start":{"line":840,"column":0},"end":{"line":840,"column":22}}},"fnMap":{"0":{"name":"(anonymous_0)","decl":{"start":{"line":33,"column":14},"end":{"line":33,"column":15}},"loc":{"start":{"line":33,"column":37},"end":{"line":838,"column":1}},"line":33},"1":{"name":"(anonymous_1)","decl":{"start":{"line":39,"column":10},"end":{"line":39,"column":11}},"loc":{"start":{"line":39,"column":26},"end":{"line":41,"column":5}},"line":39},"2":{"name":"(anonymous_2)","decl":{"start":{"line":43,"column":16},"end":{"line":43,"column":17}},"loc":{"start":{"line":43,"column":28},"end":{"line":45,"column":3}},"line":43},"3":{"name":"plotLines","decl":{"start":{"line":52,"column":11},"end":{"line":52,"column":20}},"loc":{"start":{"line":52,"column":46},"end":{"line":81,"column":3}},"line":52},"4":{"name":"plotQuadrant","decl":{"start":{"line":83,"column":11},"end":{"line":83,"column":23}},"loc":{"start":{"line":83,"column":41},"end":{"line":107,"column":3}},"line":83},"5":{"name":"(anonymous_5)","decl":{"start":{"line":91,"column":18},"end":{"line":91,"column":19}},"loc":{"start":{"line":91,"column":37},"end":{"line":104,"column":5}},"line":91},"6":{"name":"plotTexts","decl":{"start":{"line":109,"column":11},"end":{"line":109,"column":20}},"loc":{"start":{"line":109,"column":53},"end":{"line":129,"column":3}},"line":109},"7":{"name":"(anonymous_7)","decl":{"start":{"line":110,"column":18},"end":{"line":110,"column":19}},"loc":{"start":{"line":110,"column":37},"end":{"line":128,"column":5}},"line":110},"8":{"name":"plotRingNames","decl":{"start":{"line":131,"column":11},"end":{"line":131,"column":24}},"loc":{"start":{"line":131,"column":57},"end":{"line":152,"column":3}},"line":131},"9":{"name":"(anonymous_9)","decl":{"start":{"line":132,"column":18},"end":{"line":132,"column":19}},"loc":{"start":{"line":132,"column":37},"end":{"line":151,"column":5}},"line":132},"10":{"name":"triangle","decl":{"start":{"line":154,"column":11},"end":{"line":154,"column":19}},"loc":{"start":{"line":154,"column":46},"end":{"line":172,"column":3}},"line":154},"11":{"name":"triangleLegend","decl":{"start":{"line":174,"column":11},"end":{"line":174,"column":25}},"loc":{"start":{"line":174,"column":39},"end":{"line":185,"column":3}},"line":174},"12":{"name":"circle","decl":{"start":{"line":187,"column":11},"end":{"line":187,"column":17}},"loc":{"start":{"line":187,"column":44},"end":{"line":205,"column":3}},"line":187},"13":{"name":"circleLegend","decl":{"start":{"line":207,"column":11},"end":{"line":207,"column":23}},"loc":{"start":{"line":207,"column":37},"end":{"line":218,"column":3}},"line":207},"14":{"name":"addRing","decl":{"start":{"line":220,"column":11},"end":{"line":220,"column":18}},"loc":{"start":{"line":220,"column":32},"end":{"line":224,"column":3}},"line":220},"15":{"name":"calculateBlipCoordinates","decl":{"start":{"line":226,"column":11},"end":{"line":226,"column":35}},"loc":{"start":{"line":226,"column":84},"end":{"line":242,"column":3}},"line":226},"16":{"name":"thereIsCollision","decl":{"start":{"line":244,"column":11},"end":{"line":244,"column":27}},"loc":{"start":{"line":244,"column":63},"end":{"line":251,"column":3}},"line":244},"17":{"name":"(anonymous_17)","decl":{"start":{"line":245,"column":31},"end":{"line":245,"column":32}},"loc":{"start":{"line":245,"column":61},"end":{"line":250,"column":5}},"line":245},"18":{"name":"plotBlips","decl":{"start":{"line":253,"column":11},"end":{"line":253,"column":20}},"loc":{"start":{"line":253,"column":60},"end":{"line":304,"column":3}},"line":253},"19":{"name":"(anonymous_19)","decl":{"start":{"line":266,"column":18},"end":{"line":266,"column":19}},"loc":{"start":{"line":266,"column":37},"end":{"line":303,"column":5}},"line":266},"20":{"name":"(anonymous_20)","decl":{"start":{"line":267,"column":35},"end":{"line":267,"column":36}},"loc":{"start":{"line":267,"column":51},"end":{"line":269,"column":7}},"line":267},"21":{"name":"(anonymous_21)","decl":{"start":{"line":283,"column":16},"end":{"line":283,"column":17}},"loc":{"start":{"line":283,"column":32},"end":{"line":285,"column":9}},"line":283},"22":{"name":"(anonymous_22)","decl":{"start":{"line":289,"column":16},"end":{"line":289,"column":17}},"loc":{"start":{"line":289,"column":32},"end":{"line":291,"column":9}},"line":289},"23":{"name":"(anonymous_23)","decl":{"start":{"line":297,"column":24},"end":{"line":297,"column":25}},"loc":{"start":{"line":297,"column":40},"end":{"line":302,"column":7}},"line":297},"24":{"name":"findBlipCoordinates","decl":{"start":{"line":306,"column":11},"end":{"line":306,"column":30}},"loc":{"start":{"line":306,"column":112},"end":{"line":328,"column":3}},"line":306},"25":{"name":"drawBlipInCoordinates","decl":{"start":{"line":330,"column":11},"end":{"line":330,"column":32}},"loc":{"start":{"line":330,"column":84},"end":{"line":397,"column":3}},"line":330},"26":{"name":"(anonymous_26)","decl":{"start":{"line":370,"column":20},"end":{"line":370,"column":21}},"loc":{"start":{"line":370,"column":32},"end":{"line":375,"column":5}},"line":370},"27":{"name":"(anonymous_27)","decl":{"start":{"line":377,"column":19},"end":{"line":377,"column":20}},"loc":{"start":{"line":377,"column":31},"end":{"line":381,"column":5}},"line":377},"28":{"name":"(anonymous_28)","decl":{"start":{"line":386,"column":20},"end":{"line":386,"column":21}},"loc":{"start":{"line":386,"column":32},"end":{"line":394,"column":5}},"line":386},"29":{"name":"(anonymous_29)","decl":{"start":{"line":391,"column":38},"end":{"line":391,"column":39}},"loc":{"start":{"line":391,"column":50},"end":{"line":393,"column":7}},"line":391},"30":{"name":"removeHomeLink","decl":{"start":{"line":399,"column":11},"end":{"line":399,"column":25}},"loc":{"start":{"line":399,"column":28},"end":{"line":401,"column":3}},"line":399},"31":{"name":"createHomeLink","decl":{"start":{"line":403,"column":11},"end":{"line":403,"column":25}},"loc":{"start":{"line":403,"column":39},"end":{"line":419,"column":3}},"line":403},"32":{"name":"removeRadarLegend","decl":{"start":{"line":421,"column":11},"end":{"line":421,"column":28}},"loc":{"start":{"line":421,"column":31},"end":{"line":423,"column":3}},"line":421},"33":{"name":"drawLegend","decl":{"start":{"line":425,"column":11},"end":{"line":425,"column":21}},"loc":{"start":{"line":425,"column":29},"end":{"line":481,"column":3}},"line":425},"34":{"name":"redrawFullRadar","decl":{"start":{"line":483,"column":11},"end":{"line":483,"column":26}},"loc":{"start":{"line":483,"column":29},"end":{"line":508,"column":3}},"line":483},"35":{"name":"(anonymous_35)","decl":{"start":{"line":500,"column":47},"end":{"line":500,"column":48}},"loc":{"start":{"line":500,"column":59},"end":{"line":502,"column":7}},"line":500},"36":{"name":"renderFullRadar","decl":{"start":{"line":510,"column":11},"end":{"line":510,"column":26}},"loc":{"start":{"line":510,"column":29},"end":{"line":574,"column":3}},"line":510},"37":{"name":"(anonymous_37)","decl":{"start":{"line":540,"column":12},"end":{"line":540,"column":13}},"loc":{"start":{"line":540,"column":28},"end":{"line":542,"column":7}},"line":540},"38":{"name":"searchBlip","decl":{"start":{"line":576,"column":11},"end":{"line":576,"column":21}},"loc":{"start":{"line":576,"column":30},"end":{"line":600,"column":3}},"line":576},"39":{"name":"(anonymous_39)","decl":{"start":{"line":596,"column":17},"end":{"line":596,"column":18}},"loc":{"start":{"line":596,"column":29},"end":{"line":598,"column":7}},"line":596},"40":{"name":"plotRadarHeader","decl":{"start":{"line":602,"column":11},"end":{"line":602,"column":26}},"loc":{"start":{"line":602,"column":29},"end":{"line":609,"column":3}},"line":602},"41":{"name":"plotQuadrantButtons","decl":{"start":{"line":611,"column":11},"end":{"line":611,"column":30}},"loc":{"start":{"line":611,"column":42},"end":{"line":645,"column":3}},"line":611},"42":{"name":"addButton","decl":{"start":{"line":612,"column":13},"end":{"line":612,"column":22}},"loc":{"start":{"line":612,"column":33},"end":{"line":622,"column":5}},"line":612},"43":{"name":"(anonymous_43)","decl":{"start":{"line":624,"column":25},"end":{"line":624,"column":26}},"loc":{"start":{"line":624,"column":38},"end":{"line":626,"column":5}},"line":624},"44":{"name":"plotRadarFooter","decl":{"start":{"line":647,"column":11},"end":{"line":647,"column":26}},"loc":{"start":{"line":647,"column":29},"end":{"line":660,"column":3}},"line":647},"45":{"name":"mouseoverQuadrant","decl":{"start":{"line":662,"column":11},"end":{"line":662,"column":28}},"loc":{"start":{"line":662,"column":36},"end":{"line":665,"column":3}},"line":662},"46":{"name":"mouseoutQuadrant","decl":{"start":{"line":667,"column":11},"end":{"line":667,"column":27}},"loc":{"start":{"line":667,"column":35},"end":{"line":669,"column":3}},"line":667},"47":{"name":"hideTooltipOnScroll","decl":{"start":{"line":671,"column":11},"end":{"line":671,"column":30}},"loc":{"start":{"line":671,"column":36},"end":{"line":675,"column":3}},"line":671},"48":{"name":"(anonymous_48)","decl":{"start":{"line":672,"column":38},"end":{"line":672,"column":39}},"loc":{"start":{"line":672,"column":44},"end":{"line":674,"column":5}},"line":672},"49":{"name":"selectQuadrant","decl":{"start":{"line":677,"column":11},"end":{"line":677,"column":25}},"loc":{"start":{"line":677,"column":45},"end":{"line":733,"column":3}},"line":677},"50":{"name":"(anonymous_50)","decl":{"start":{"line":713,"column":71},"end":{"line":713,"column":72}},"loc":{"start":{"line":713,"column":83},"end":{"line":720,"column":5}},"line":713},"51":{"name":"(anonymous_51)","decl":{"start":{"line":735,"column":14},"end":{"line":735,"column":15}},"loc":{"start":{"line":735,"column":26},"end":{"line":742,"column":3}},"line":735},"52":{"name":"plotAlternativeRadars","decl":{"start":{"line":744,"column":11},"end":{"line":744,"column":32}},"loc":{"start":{"line":744,"column":61},"end":{"line":763,"column":3}},"line":744},"53":{"name":"(anonymous_53)","decl":{"start":{"line":748,"column":25},"end":{"line":748,"column":26}},"loc":{"start":{"line":748,"column":48},"end":{"line":762,"column":5}},"line":748},"54":{"name":"(anonymous_54)","decl":{"start":{"line":757,"column":18},"end":{"line":757,"column":19}},"loc":{"start":{"line":757,"column":30},"end":{"line":759,"column":11}},"line":757},"55":{"name":"(anonymous_55)","decl":{"start":{"line":765,"column":14},"end":{"line":765,"column":15}},"loc":{"start":{"line":765,"column":26},"end":{"line":835,"column":3}},"line":765},"56":{"name":"(anonymous_56)","decl":{"start":{"line":786,"column":34},"end":{"line":786,"column":35}},"loc":{"start":{"line":786,"column":44},"end":{"line":788,"column":7}},"line":786},"57":{"name":"(anonymous_57)","decl":{"start":{"line":812,"column":22},"end":{"line":812,"column":23}},"loc":{"start":{"line":812,"column":42},"end":{"line":828,"column":5}},"line":812}},"branchMap":{"0":{"loc":{"start":{"line":59,"column":4},"end":{"line":63,"column":5}},"type":"if","locations":[{"start":{"line":59,"column":4},"end":{"line":63,"column":5}},{"start":{},"end":{}}],"line":59},"1":{"loc":{"start":{"line":64,"column":24},"end":{"line":64,"column":84}},"type":"cond-expr","locations":[{"start":{"line":64,"column":55},"end":{"line":64,"column":79}},{"start":{"line":64,"column":82},"end":{"line":64,"column":84}}],"line":64},"2":{"loc":{"start":{"line":111,"column":6},"end":{"line":127,"column":7}},"type":"if","locations":[{"start":{"line":111,"column":6},"end":{"line":127,"column":7}},{"start":{"line":119,"column":13},"end":{"line":127,"column":7}}],"line":111},"3":{"loc":{"start":{"line":111,"column":10},"end":{"line":111,"column":67}},"type":"binary-expr","locations":[{"start":{"line":111,"column":10},"end":{"line":111,"column":36}},{"start":{"line":111,"column":40},"end":{"line":111,"column":67}}],"line":111},"4":{"loc":{"start":{"line":133,"column":35},"end":{"line":133,"column":105}},"type":"cond-expr","locations":[{"start":{"line":133,"column":60},"end":{"line":133,"column":91}},{"start":{"line":133,"column":94},"end":{"line":133,"column":105}}],"line":133},"5":{"loc":{"start":{"line":134,"column":6},"end":{"line":150,"column":7}},"type":"if","locations":[{"start":{"line":134,"column":6},"end":{"line":150,"column":7}},{"start":{"line":142,"column":13},"end":{"line":150,"column":7}}],"line":134},"6":{"loc":{"start":{"line":134,"column":10},"end":{"line":134,"column":67}},"type":"binary-expr","locations":[{"start":{"line":134,"column":10},"end":{"line":134,"column":36}},{"start":{"line":134,"column":40},"end":{"line":134,"column":67}}],"line":134},"7":{"loc":{"start":{"line":188,"column":12},"end":{"line":188,"column":24}},"type":"binary-expr","locations":[{"start":{"line":188,"column":12},"end":{"line":188,"column":17}},{"start":{"line":188,"column":21},"end":{"line":188,"column":24}}],"line":188},"8":{"loc":{"start":{"line":208,"column":12},"end":{"line":208,"column":24}},"type":"binary-expr","locations":[{"start":{"line":208,"column":12},"end":{"line":208,"column":17}},{"start":{"line":208,"column":21},"end":{"line":208,"column":24}}],"line":208},"9":{"loc":{"start":{"line":235,"column":17},"end":{"line":235,"column":50}},"type":"cond-expr","locations":[{"start":{"line":235,"column":35},"end":{"line":235,"column":37}},{"start":{"line":235,"column":4
[...]
ur-own-radar/src/util/inputSanitizer.js": {"path":"/home/baloo/radar/build-your-own-radar/src/util/inputSanitizer.js","statementMap":{"0":{"start":{"line":1,"column":21},"end":{"line":1,"column":45}},"1":{"start":{"line":2,"column":10},"end":{"line":4,"column":1}},"2":{"start":{"line":6,"column":23},"end":{"line":67,"column":1}},"3":{"start":{"line":7,"column":23},"end":{"line":12,"column":3}},"4":{"start":{"line":14,"column":26},"end":{"line":20,"column":3}},"5":{"start":{"line":18,"column":6},"end":{"line":18,"column":39}},"6":{"start":{"line":23,"column":24},"end":{"line":23,"column":26}},"7":{"start":{"line":24,"column":4},"end":{"line":26,"column":6}},"8":{"start":{"line":25,"column":6},"end":{"line":25,"column":46}},"9":{"start":{"line":27,"column":4},"end":{"line":27,"column":24}},"10":{"start":{"line":30,"column":13},"end":{"line":30,"column":15}},"11":{"start":{"line":31,"column":2},"end":{"line":40,"column":3}},"12":{"start":{"line":32,"column":15},"end":{"line":32,"column":39}},"13":{"start":{"line":33,"column":4},"end":{"line":33,"column":69}},"14":{"start":{"line":34,"column":4},"end":{"line":34,"column":58}},"15":{"start":{"line":35,"column":4},"end":{"line":35,"column":60}},"16":{"start":{"line":36,"column":4},"end":{"line":36,"column":58}},"17":{"start":{"line":37,"column":4},"end":{"line":37,"column":66}},"18":{"start":{"line":39,"column":4},"end":{"line":39,"column":15}},"19":{"start":{"line":42,"column":2},"end":{"line":64,"column":3}},"20":{"start":{"line":43,"column":15},"end":{"line":43,"column":39}},"21":{"start":{"line":45,"column":29},"end":{"line":45,"column":58}},"22":{"start":{"line":46,"column":22},"end":{"line":46,"column":44}},"23":{"start":{"line":47,"column":23},"end":{"line":47,"column":46}},"24":{"start":{"line":48,"column":26},"end":{"line":48,"column":52}},"25":{"start":{"line":49,"column":22},"end":{"line":49,"column":44}},"26":{"start":{"line":51,"column":24},"end":{"line":51,"column":77}},"27":{"start":{"line":52,"column":17},"end":{"line":52,"column":56}},"28":{"start":{"line":53,"column":18},"end":{"line":53,"column":59}},"29":{"start":{"line":54,"column":17},"end":{"line":54,"column":56}},"30":{"start":{"line":55,"column":21},"end":{"line":55,"column":68}},"31":{"start":{"line":57,"column":4},"end":{"line":57,"column":64}},"32":{"start":{"line":58,"column":4},"end":{"line":58,"column":53}},"33":{"start":{"line":59,"column":4},"end":{"line":59,"column":55}},"34":{"start":{"line":60,"column":4},"end":{"line":60,"column":53}},"35":{"start":{"line":61,"column":4},"end":{"line":61,"column":61}},"36":{"start":{"line":63,"column":4},"end":{"line":63,"column":15}},"37":{"start":{"line":66,"column":2},"end":{"line":66,"column":13}},"38":{"start":{"line":69,"column":0},"end":{"line":69,"column":31}}},"fnMap":{"0":{"name":"(anonymous_0)","decl":{"start":{"line":6,"column":23},"end":{"line":6,"column":24}},"loc":{"start":{"line":6,"column":35},"end":{"line":67,"column":1}},"line":6},"1":{"name":"(anonymous_1)","decl":{"start":{"line":17,"column":16},"end":{"line":17,"column":17}},"loc":{"start":{"line":17,"column":32},"end":{"line":19,"column":5}},"line":17},"2":{"name":"trimWhiteSpaces","decl":{"start":{"line":22,"column":11},"end":{"line":22,"column":26}},"loc":{"start":{"line":22,"column":33},"end":{"line":28,"column":3}},"line":22},"3":{"name":"(anonymous_3)","decl":{"start":{"line":24,"column":19},"end":{"line":24,"column":20}},"loc":{"start":{"line":24,"column":41},"end":{"line":26,"column":5}},"line":24},"4":{"name":"(anonymous_4)","decl":{"start":{"line":31,"column":18},"end":{"line":31,"column":19}},"loc":{"start":{"line":31,"column":37},"end":{"line":40,"column":3}},"line":31},"5":{"name":"(anonymous_5)","decl":{"start":{"line":42,"column":35},"end":{"line":42,"column":36}},"loc":{"start":{"line":42,"column":62},"end":{"line":64,"column":3}},"line":42}},"branchMap":{"0":{"loc":{"start":{"line":51,"column":24},"end":{"line":51,"column":77}},"type":"cond-expr","locations":[{"start":{"line":51,"column":50},"end":{"line":51,"column":52}},{"start":{"line":51,"column":55},"end":{"line":51,"column":77}}],"line":51},"1":{"loc":{"start":{"line":52,"column":17},"end":{"line":52,"column":56}},"type":"cond-expr","locations":[{"start":{"line":52,"column":36},"end":{"line":52,"column":38}},{"start":{"line":52,"column":41},"end":{"line":52,"column":56}}],"line":52},"2":{"loc":{"start":{"line":53,"column":18},"end":{"line":53,"column":59}},"type":"cond-expr","locations":[{"start":{"line":53,"column":38},"end":{"line":53,"column":40}},{"start":{"line":53,"column":43},"end":{"line":53,"column":59}}],"line":53},"3":{"loc":{"start":{"line":54,"column":17},"end":{"line":54,"column":56}},"type":"cond-expr","locations":[{"start":{"line":54,"column":36},"end":{"line":54,"column":38}},{"start":{"line":54,"column":41},"end":{"line":54,"column":56}}],"line":54},"4":{"loc":{"start":{"line":55,"column":21},"end":{"line":55,"column":68}},"type":"cond-expr","locations":[{"start":{"line":55,"column":44},"end":{"line":55,"column":46}},{"start":{"line":55,"column":49},"end":{"line":55,"column":68}}],"line":55}},"s":{"0":1,"1":1,"2":1,"3":2,"4":2,"5":16,"6":5,"7":5,"8":16,"9":5,"10":2,"11":2,"12":3,"13":3,"14":3,"15":3,"16":3,"17":3,"18":3,"19":2,"20":2,"21":2,"22":2,"23":2,"24":2,"25":2,"26":2,"27":2,"28":2,"29":2,"30":2,"31":2,"32":2,"33":2,"34":2,"35":2,"36":2,"37":2,"38":1},"f":{"0":2,"1":16,"2":5,"3":16,"4":3,"5":2},"b":{"0":[1,1],"1":[1,1],"2":[1,1],"3":[1,1],"4":[1,1]},"_coverageSchema":"1a1c01bbd47fc00a2c39e90264f33305004495a9","hash":"1575ba3eeeaafa34743900354e3edd8a7db15e2d"}
,"/home/baloo/radar/build-your-own-radar/src/util/mathUtils.js": {"path":"/home/baloo/radar/build-your-own-radar/src/util/mathUtils.js","statementMap":{"0":{"start":{"line":2,"column":2},"end":{"line":2,"column":41}},"1":{"start":{"line":5,"column":0},"end":{"line":7,"column":1}}},"fnMap":{"0":{"name":"toRadian","decl":{"start":{"line":1,"column":9},"end":{"line":1,"column":17}},"loc":{"start":{"line":1,"column":34},"end":{"line":3,"column":1}},"line":1}},"branchMap":{},"s":{"0":21,"1":3},"f":{"0":21},"b":{},"_coverageSchema":"1a1c01bbd47fc00a2c39e90264f33305004495a9","hash":"666f886fabd584e0d708eff6e28bc434a5c4327e"}
,"/home/baloo/radar/build-your-own-radar/src/util/queryParamProcessor.js": {"path":"/home/baloo/radar/build-your-own-radar/src/util/queryParamProcessor.js","statementMap":{"0":{"start":{"line":1,"column":20},"end":{"line":15,"column":1}},"1":{"start":{"line":2,"column":15},"end":{"line":4,"column":3}},"2":{"start":{"line":3,"column":4},"end":{"line":3,"column":52}},"3":{"start":{"line":6,"column":15},"end":{"line":6,"column":35}},"4":{"start":{"line":8,"column":20},"end":{"line":8,"column":22}},"5":{"start":{"line":10,"column":2},"end":{"line":12,"column":3}},"6":{"start":{"line":11,"column":4},"end":{"line":11,"column":52}},"7":{"start":{"line":14,"column":2},"end":{"line":14,"column":20}},"8":{"start":{"line":17,"column":0},"end":{"line":17,"column":28}}},"fnMap":{"0":{"name":"(anonymous_0)","decl":{"start":{"line":1,"column":20},"end":{"line":1,"column":21}},"loc":{"start":{"line":1,"column":43},"end":{"line":15,"column":1}},"line":1},"1":{"name":"(anonymous_1)","decl":{"start":{"line":2,"column":15},"end":{"line":2,"column":16}},"loc":{"start":{"line":2,"column":28},"end":{"line":4,"column":3}},"line":2}},"branchMap":{},"s":{"0":2,"1":3,"2":6,"3":3,"4":3,"5":3,"6":3,"7":3,"8":2},"f":{"0":3,"1":6},"b":{},"_coverageSchema":"1a1c01bbd47fc00a2c39e90264f33305004495a9","hash":"04c67fe4f84b43fa0c8c75b70ceaede39bf68e73"}
,"/home/baloo/radar/build-your-own-radar/src/util/ringCalculator.js": {"path":"/home/baloo/radar/build-your-own-radar/src/util/ringCalculator.js","statementMap":{"0":{"start":{"line":1,"column":23},"end":{"line":26,"column":1}},"1":{"start":{"line":2,"column":17},"end":{"line":2,"column":41}},"2":{"start":{"line":4,"column":13},"end":{"line":4,"column":15}},"3":{"start":{"line":6,"column":2},"end":{"line":10,"column":3}},"4":{"start":{"line":7,"column":4},"end":{"line":9,"column":9}},"5":{"start":{"line":8,"column":6},"end":{"line":8,"column":31}},"6":{"start":{"line":12,"column":2},"end":{"line":17,"column":3}},"7":{"start":{"line":13,"column":16},"end":{"line":13,"column":39}},"8":{"start":{"line":14,"column":14},"end":{"line":14,"column":28}},"9":{"start":{"line":16,"column":4},"end":{"line":16,"column":36}},"10":{"start":{"line":19,"column":2},"end":{"line":23,"column":3}},"11":{"start":{"line":20,"column":19},"end":{"line":20,"column":46}},"12":{"start":{"line":21,"column":19},"end":{"line":21,"column":48}},"13":{"start":{"line":22,"column":4},"end":{"line":22,"column":22}},"14":{"start":{"line":25,"column":2},"end":{"line":25,"column":13}},"15":{"start":{"line":28,"column":0},"end":{"line":28,"column":31}}},"fnMap":{"0":{"name":"(anonymous_0)","decl":{"start":{"line":1,"column":23},"end":{"line":1,"column":24}},"loc":{"start":{"line":1,"column":59},"end":{"line":26,"column":1}},"line":1},"1":{"name":"(anonymous_1)","decl":{"start":{"line":6,"column":13},"end":{"line":6,"column":14}},"loc":{"start":{"line":6,"column":31},"end":{"line":10,"column":3}},"line":6},"2":{"name":"(anonymous_2)","decl":{"start":{"line":7,"column":48},"end":{"line":7,"column":49}},"loc":{"start":{"line":7,"column":77},"end":{"line":9,"column":5}},"line":7},"3":{"name":"(anonymous_3)","decl":{"start":{"line":12,"column":19},"end":{"line":12,"column":20}},"loc":{"start":{"line":12,"column":35},"end":{"line":17,"column":3}},"line":12},"4":{"name":"(anonymous_4)","decl":{"start":{"line":19,"column":23},"end":{"line":19,"column":24}},"loc":{"start":{"line":19,"column":44},"end":{"line":23,"column":3}},"line":19}},"branchMap":{"0":{"loc":{"start":{"line":22,"column":11},"end":{"line":22,"column":22}},"type":"binary-expr","locations":[{"start":{"line":22,"column":11},"end":{"line":22,"column":17}},{"start":{"line":22,"column":21},"end":{"line":22,"column":22}}],"line":22}},"s":{"0":1,"1":1,"2":1,"3":1,"4":3,"5":15,"6":1,"7":1,"8":1,"9":1,"10":1,"11":2,"12":2,"13":2,"14":1,"15":1},"f":{"0":1,"1":3,"2":15,"3":1,"4":2},"b":{"0":[2,1]},"_coverageSchema":"1a1c01bbd47fc00a2c39e90264f33305004495a9","hash":"dbcace65644b8f975dae462f9b23b25c85660495"}
,"/home/baloo/radar/build-your-own-radar/src/util/sheet.js": {"path":"/home/baloo/radar/build-your-own-radar/src/util/sheet.js","statementMap":{"0":{"start":{"line":2,"column":27},"end":{"line":2,"column":77}},"1":{"start":{"line":3,"column":26},"end":{"line":3,"column":75}},"2":{"start":{"line":4,"column":26},"end":{"line":4,"column":56}},"3":{"start":{"line":5,"column":15},"end":{"line":5,"column":35}},"4":{"start":{"line":7,"column":14},"end":{"line":75,"column":1}},"5":{"start":{"line":8,"column":13},"end":{"line":8,"column":15}},"6":{"start":{"line":9,"column":25},"end":{"line":9,"column":48}},"7":{"start":{"line":11,"column":3},"end":{"line":14,"column":6}},"8":{"start":{"line":12,"column":18},"end":{"line":12,"column":116}},"9":{"start":{"line":13,"column":4},"end":{"line":13,"column":60}},"10":{"start":{"line":16,"column":2},"end":{"line":35,"column":3}},"11":{"start":{"line":17,"column":24},"end":{"line":17,"column":52}},"12":{"start":{"line":18,"column":18},"end":{"line":18,"column":69}},"13":{"start":{"line":21,"column":14},"end":{"line":21,"column":34}},"14":{"start":{"line":22,"column":4},"end":{"line":22,"column":34}},"15":{"start":{"line":23,"column":4},"end":{"line":33,"column":5}},"16":{"start":{"line":24,"column":6},"end":{"line":32,"column":7}},"17":{"start":{"line":25,"column":8},"end":{"line":31,"column":9}},"18":{"start":{"line":26,"column":10},"end":{"line":26,"column":46}},"19":{"start":{"line":27,"column":15},"end":{"line":31,"column":9}},"20":{"start":{"line":28,"column":10},"end":{"line":28,"column":73}},"21":{"start":{"line":30,"column":10},"end":{"line":30,"column":95}},"22":{"start":{"line":34,"column":4},"end":{"line":34,"column":18}},"23":{"start":{"line":37,"column":2},"end":{"line":42,"column":3}},"24":{"start":{"line":38,"column":29},"end":{"line":40,"column":41}},"25":{"start":{"line":41,"column":4},"end":{"line":41,"column":51}},"26":{"start":{"line":44,"column":2},"end":{"line":50,"column":3}},"27":{"start":{"line":45,"column":4},"end":{"line":49,"column":5}},"28":{"start":{"line":46,"column":6},"end":{"line":46,"column":96}},"29":{"start":{"line":48,"column":6},"end":{"line":48,"column":32}},"30":{"start":{"line":52,"column":2},"end":{"line":57,"column":3}},"31":{"start":{"line":53,"column":4},"end":{"line":56,"column":6}},"32":{"start":{"line":59,"column":2},"end":{"line":63,"column":3}},"33":{"start":{"line":60,"column":4},"end":{"line":62,"column":61}},"34":{"start":{"line":66,"column":23},"end":{"line":66,"column":86}},"35":{"start":{"line":66,"column":67},"end":{"line":66,"column":85}},"36":{"start":{"line":67,"column":4},"end":{"line":67,"column":54}},"37":{"start":{"line":68,"column":4},"end":{"line":71,"column":25}},"38":{"start":{"line":70,"column":19},"end":{"line":70,"column":103}},"39":{"start":{"line":74,"column":2},"end":{"line":74,"column":13}},"40":{"start":{"line":77,"column":0},"end":{"line":77,"column":22}}},"fnMap":{"0":{"name":"(anonymous_0)","decl":{"start":{"line":7,"column":14},"end":{"line":7,"column":15}},"loc":{"start":{"line":7,"column":40},"end":{"line":75,"column":1}},"line":7},"1":{"name":"(anonymous_1)","decl":{"start":{"line":11,"column":4},"end":{"line":11,"column":5}},"loc":{"start":{"line":11,"column":16},"end":{"line":14,"column":3}},"line":11},"2":{"name":"(anonymous_2)","decl":{"start":{"line":16,"column":18},"end":{"line":16,"column":19}},"loc":{"start":{"line":16,"column":38},"end":{"line":35,"column":3}},"line":16},"3":{"name":"(anonymous_3)","decl":{"start":{"line":23,"column":29},"end":{"line":23,"column":30}},"loc":{"start":{"line":23,"column":41},"end":{"line":33,"column":5}},"line":23},"4":{"name":"(anonymous_4)","decl":{"start":{"line":37,"column":34},"end":{"line":37,"column":35}},"loc":{"start":{"line":37,"column":46},"end":{"line":42,"column":3}},"line":37},"5":{"name":"(anonymous_5)","decl":{"start":{"line":44,"column":18},"end":{"line":44,"column":19}},"loc":{"start":{"line":44,"column":36},"end":{"line":50,"column":3}},"line":44},"6":{"name":"(anonymous_6)","decl":{"start":{"line":52,"column":17},"end":{"line":52,"column":18}},"loc":{"start":{"line":52,"column":34},"end":{"line":57,"column":3}},"line":52},"7":{"name":"(anonymous_7)","decl":{"start":{"line":59,"column":30},"end":{"line":59,"column":31}},"loc":{"start":{"line":59,"column":83},"end":{"line":63,"column":3}},"line":59},"8":{"name":"processSheetData","decl":{"start":{"line":65,"column":11},"end":{"line":65,"column":27}},"loc":{"start":{"line":65,"column":65},"end":{"line":72,"column":3}},"line":65},"9":{"name":"(anonymous_9)","decl":{"start":{"line":66,"column":60},"end":{"line":66,"column":61}},"loc":{"start":{"line":66,"column":67},"end":{"line":66,"column":85}},"line":66},"10":{"name":"(anonymous_10)","decl":{"start":{"line":70,"column":12},"end":{"line":70,"column":13}},"loc":{"start":{"line":70,"column":19},"end":{"line":70,"column":103}},"line":70}},"branchMap":{"0":{"loc":{"start":{"line":13,"column":14},"end":{"line":13,"column":60}},"type":"cond-expr","locations":[{"start":{"line":13,"column":33},"end":{"line":13,"column":43}},{"start":{"line":13,"column":46},"end":{"line":13,"column":60}}],"line":13},"1":{"loc":{"start":{"line":17,"column":24},"end":{"line":17,"column":52}},"type":"binary-expr","locations":[{"start":{"line":17,"column":24},"end":{"line":17,"column":43}},{"start":{"line":17,"column":47},"end":{"line":17,"column":52}}],"line":17},"2":{"loc":{"start":{"line":24,"column":6},"end":{"line":32,"column":7}},"type":"if","locations":[{"start":{"line":24,"column":6},"end":{"line":32,"column":7}},{"start":{},"end":{}}],"line":24},"3":{"loc":{"start":{"line":25,"column":8},"end":{"line":31,"column":9}},"type":"if","locations":[{"start":{"line":25,"column":8},"end":{"line":31,"column":9}},{"start":{"line":27,"column":15},"end":{"line":31,"column":9}}],"line":25},"4":{"loc":{"start":{"line":27,"column":15},"end":{"line":31,"column":9}},"type":"if","locations":[{"start":{"line":27,"column":15},"end":{"line":31,"column":9}},{"start":{"line":29,"column":15},"end":{"line":31,"column":9}}],"line":27},"5":{"loc":{"start":{"line":38,"column":29},"end":{"line":40,"column":41}},"type":"cond-expr","locations":[{"start":{"line":39,"column":8},"end":{"line":39,"column":45}},{"start":{"line":40,"column":8},"end":{"line":40,"column":41}}],"line":38},"6":{"loc":{"start":{"line":60,"column":11},"end":{"line":62,"column":61}},"type":"cond-expr","locations":[{"start":{"line":61,"column":8},"end":{"line":61,"column":39}},{"start":{"line":62,"column":8},"end":{"line":62,"column":61}}],"line":60},"7":{"loc":{"start":{"line":67,"column":16},"end":{"line":67,"column":54}},"type":"cond-expr","locations":[{"start":{"line":67,"column":29},"end":{"line":67,"column":42}},{"start":{"line":67,"column":45},"end":{"line":67,"column":54}}],"line":67}},"s":{"0":1,"1":1,"2":1,"3":1,"4":1,"5":10,"6":10,"7":10,"8":10,"9":10,"10":10,"11":4,"12":4,"13":4,"14":4,"15":4,"16":4,"17":4,"18":1,"19":3,"20":2,"21":1,"22":4,"23":10,"24":2,"25":2,"26":10,"27":0,"28":0,"29":0,"30":10,"31":0,"32":10,"33":0,"34":0,"35":0,"36":0,"37":0,"38":0,"39":10,"40":1},"f":{"0":10,"1":10,"2":4,"3":4,"4":2,"5":0,"6":0,"7":0,"8":0,"9":0,"10":0},"b":{"0":[5,5],"1":[4,0],"2":[4,0],"3":[1,3],"4":[2,1],"5":[1,1],"6":[0,0],"7":[0,0]},"_coverageSchema":"1a1c01bbd47fc00a2c39e90264f33305004495a9","hash":"ee846a63cb9fab939252f5ca466832eb27414357"}
,"/home/baloo/radar/build-your-own-radar/src/util/stringUtil.js": {"path":"/home/baloo/radar/build-your-own-radar/src/util/stringUtil.js","statementMap":{"0":{"start":{"line":2,"column":2},"end":{"line":2,"column":64}},"1":{"start":{"line":6,"column":2},"end":{"line":6,"column":60}},"2":{"start":{"line":10,"column":2},"end":{"line":10,"column":46}},"3":{"start":{"line":13,"column":0},"end":{"line":17,"column":1}}},"fnMap":{"0":{"name":"getRingIdString","decl":{"start":{"line":1,"column":9},"end":{"line":1,"column":24}},"loc":{"start":{"line":1,"column":35},"end":{"line":3,"column":1}},"line":1},"1":{"name":"replaceSpaceWithHyphens","decl":{"start":{"line":5,"column":9},"end":{"line":5,"column":32}},"loc":{"start":{"line":5,"column":44},"end":{"line":7,"column":1}},"line":5},"2":{"name":"removeAllSpaces","decl":{"start":{"line":9,"column":9},"end":{"line":9,"column":24}},"loc":{"start":{"line":9,"column":33},"end":{"line":11,"column":1}},"line":9}},"branchMap":{},"s":{"0":3,"1":2,"2":0,"3":3},"f":{"0":3,"1":2,"2":0},"b":{},"_coverageSchema":"1a1c01bbd47fc00a2c39e90264f33305004495a9","hash":"00fcc65b47eccc6845b245799b079b1b73cc64df"}
,"/home/baloo/radar/build-your-own-radar/src/util/urlUtils.js": {"path":"/home/baloo/radar/build-your-own-radar/src/util/urlUtils.js","statementMap":{"0":{"start":{"line":1,"column":20},"end":{"line":1,"column":58}},"1":{"start":{"line":2,"column":15},"end":{"line":2,"column":35}},"2":{"start":{"line":4,"column":22},"end":{"line":4,"column":109}},"3":{"start":{"line":5,"column":22},"end":{"line":5,"column":70}},"4":{"start":{"line":7,"column":4},"end":{"line":12,"column":33}},"5":{"start":{"line":13,"column":2},"end":{"line":13,"column":17}},"6":{"start":{"line":16,"column":0},"end":{"line":18,"column":1}}},"fnMap":{"0":{"name":"constructSheetUrl","decl":{"start":{"line":3,"column":9},"end":{"line":3,"column":26}},"loc":{"start":{"line":3,"column":38},"end":{"line":14,"column":1}},"line":3}},"branchMap":{"0":{"loc":{"start":{"line":8,"column":5},"end":{"line":10,"column":41}},"type":"cond-expr","locations":[{"start":{"line":9,"column":8},"end":{"line":9,"column":47}},{"start":{"line":10,"column":8},"end":{"line":10,"column":41}}],"line":8}},"s":{"0":1,"1":1,"2":2,"3":2,"4":2,"5":2,"6":1},"f":{"0":2},"b":{"0":[1,1]},"_coverageSchema":"1a1c01bbd47fc00a2c39e90264f33305004495a9","hash":"094a9e9ed8614ec58ff297e957bba5a16878417b"}
}
