TN:
SF:src/analytics.js
FN:2,(anonymous_0)
FN:14,(anonymous_1)
FNF:2
FNH:0
FNDA:0,(anonymous_0)
FNDA:0,(anonymous_1)
DA:1,0
DA:2,0
DA:3,0
DA:4,0
DA:5,0
DA:6,0
DA:7,0
DA:8,0
DA:9,0
DA:10,0
DA:13,0
DA:14,0
DA:15,0
DA:16,0
DA:17,0
DA:18,0
DA:19,0
LF:17
LH:0
BRDA:1,0,0,0
BRDA:1,0,1,0
BRDA:3,1,0,0
BRDA:3,1,1,0
BRDA:7,2,0,0
BRDA:7,2,1,0
BRDA:13,3,0,0
BRDA:13,3,1,0
BRF:8
BRH:0
end_of_record
TN:
SF:src/common.js
FNF:0
FNH:0
DA:1,0
DA:2,0
DA:3,0
DA:4,0
DA:5,0
DA:6,0
DA:7,0
DA:8,0
DA:9,0
DA:10,0
DA:11,0
DA:12,0
DA:13,0
DA:14,0
DA:15,0
DA:16,0
DA:17,0
LF:17
LH:0
BRF:0
BRH:0
end_of_record
TN:
SF:src/config.js
FN:1,(anonymous_0)
FNF:1
FNH:1
FNDA:15,(anonymous_0)
DA:1,5
DA:2,15
DA:14,15
DA:16,5
LF:4
LH:4
BRDA:14,0,0,13
BRDA:14,0,1,2
BRF:2
BRH:2
end_of_record
TN:
SF:src/site.js
FNF:0
FNH:0
DA:1,0
DA:2,0
DA:3,0
DA:4,0
DA:6,0
DA:8,0
LF:6
LH:0
BRF:0
BRH:0
end_of_record
TN:
SF:src/exceptions/fileNotFoundError.js
FN:2,(anonymous_0)
FNF:1
FNH:1
FNDA:1,(anonymous_0)
DA:3,1
DA:4,1
DA:8,1
LF:3
LH:3
BRF:0
BRH:0
end_of_record
TN:
SF:src/exceptions/invalidConfigError.js
FN:2,(anonymous_0)
FNF:1
FNH:1
FNDA:1,(anonymous_0)
DA:3,1
DA:4,1
DA:8,1
LF:3
LH:3
BRF:0
BRH:0
end_of_record
TN:
SF:src/exceptions/invalidContentError.js
FN:2,(anonymous_0)
FNF:1
FNH:1
FNDA:1,(anonymous_0)
DA:3,1
DA:4,1
DA:8,1
LF:3
LH:3
BRF:0
BRH:0
end_of_record
TN:
SF:src/exceptions/malformedDataError.js
FN:1,(anonymous_0)
FNF:1
FNH:1
FNDA:6,(anonymous_0)
DA:1,2
DA:2,6
DA:5,2
DA:6,2
DA:7,2
DA:8,2
DA:9,2
DA:11,2
LF:8
LH:8
BRF:0
BRH:0
end_of_record
TN:
SF:src/exceptions/sheetNotFoundError.js
FN:1,(anonymous_0)
FNF:1
FNH:1
FNDA:2,(anonymous_0)
DA:1,1
DA:2,2
DA:5,1
DA:6,1
DA:7,1
DA:8,1
DA:9,1
DA:11,1
LF:8
LH:8
BRF:0
BRH:0
end_of_record
TN:
SF:src/exceptions/unauthorizedError.js
FN:1,(anonymous_0)
FNF:1
FNH:1
FNDA:1,(anonymous_0)
DA:1,1
DA:2,1
DA:5,1
DA:6,1
DA:7,1
DA:8,1
DA:9,1
DA:11,1
LF:8
LH:8
BRF:0
BRH:0
end_of_record
TN:
SF:src/graphing/blips.js
FN:11,(anonymous_0)
FN:17,getBorderWidthOffset
FN:28,calculateRadarBlipCoordinates
FN:47,thereIsCollision
FN:48,(anonymous_4)
FN:57,avoidBoundaryCollision
FN:74,findBlipCoordinates
FN:106,blipAssistiveText
FN:111,addOuterCircle
FN:123,drawBlipCircle
FN:136,newBlip
FN:141,existingBlip
FN:145,groupBlip
FN:159,drawBlipInCoordinates
FN:195,getGroupBlipTooltipText
FN:198,(anonymous_15)
FN:206,(anonymous_16)
FN:215,findNewBlipCoords
FN:222,(anonymous_18)
FN:231,(anonymous_19)
FN:242,createGroupBlip
FN:254,plotGroupBlips
FN:257,(anonymous_22)
FN:261,(anonymous_23)
FN:262,(anonymous_24)
FN:271,(anonymous_25)
FN:278,(anonymous_26)
FN:286,(anonymous_27)
FN:287,(anonymous_28)
FN:305,(anonymous_29)
FNF:30
FNH:14
FNDA:21,(anonymous_0)
FNDA:2,getBorderWidthOffset
FNDA:2,calculateRadarBlipCoordinates
FNDA:3,thereIsCollision
FNDA:3,(anonymous_4)
FNDA:2,avoidBoundaryCollision
FNDA:0,findBlipCoordinates
FNDA:1,blipAssistiveText
FNDA:0,addOuterCircle
FNDA:0,drawBlipCircle
FNDA:0,newBlip
FNDA:0,existingBlip
FNDA:0,groupBlip
FNDA:0,drawBlipInCoordinates
FNDA:2,getGroupBlipTooltipText
FNDA:15,(anonymous_15)
FNDA:5,(anonymous_16)
FNDA:5,findNewBlipCoords
FNDA:5,(anonymous_18)
FNDA:1,(anonymous_19)
FNDA:1,createGroupBlip
FNDA:0,plotGroupBlips
FNDA:0,(anonymous_22)
FNDA:0,(anonymous_23)
FNDA:0,(anonymous_24)
FNDA:0,(anonymous_25)
FNDA:0,(anonymous_26)
FNDA:0,(anonymous_27)
FNDA:0,(anonymous_28)
FNDA:0,(anonymous_29)
DA:1,1
DA:2,1
DA:3,1
DA:4,1
DA:5,1
DA:6,1
DA:7,1
DA:8,1
DA:9,1
DA:11,1
DA:12,21
DA:13,21
DA:14,21
DA:18,2
DA:19,2
DA:21,2
DA:22,1
DA:23,1
DA:25,2
DA:29,2
DA:30,2
DA:31,2
DA:32,2
DA:37,2
DA:38,2
DA:39,2
DA:41,2
DA:42,2
DA:44,2
DA:48,3
DA:49,3
DA:58,2
DA:59,2
DA:63,1
DA:65,2
DA:66,0
DA:68,2
DA:69,0
DA:71,2
DA:75,0
DA:76,0
DA:84,0
DA:85,0
DA:86,0
DA:88,0
DA:89,0
DA:90,0
DA:92,0
DA:93,0
DA:95,0
DA:97,0
DA:98,0
DA:99,0
DA:100,0
DA:102,0
DA:107,1
DA:112,0
DA:124,0
DA:127,0
DA:137,0
DA:138,0
DA:142,0
DA:146,0
DA:147,0
DA:160,0
DA:161,0
DA:163,0
DA:165,0
DA:174,0
DA:175,0
DA:176,0
DA:177,0
DA:179,0
DA:182,0
DA:196,2
DA:197,2
DA:198,1
DA:199,15
DA:200,15
DA:203,2
DA:206,1
DA:207,5
DA:208,5
DA:209,5
DA:210,5
DA:211,5
DA:212,5
DA:216,5
DA:217,5
DA:218,5
DA:219,5
DA:222,1
DA:223,5
DA:225,5
DA:231,1
DA:232,1
DA:233,1
DA:234,1
DA:243,1
DA:244,1
DA:247,1
DA:248,1
DA:249,1
DA:250,1
DA:251,1
DA:255,0
DA:256,0
DA:257,0
DA:258,0
DA:261,0
DA:262,0
DA:263,0
DA:264,0
DA:265,0
DA:266,0
DA:267,0
DA:268,0
DA:269,0
DA:270,0
DA:271,0
DA:272,0
DA:273,0
DA:278,1
DA:281,0
DA:282,0
DA:283,0
DA:285,0
DA:286,0
DA:287,0
DA:288,0
DA:291,0
DA:292,0
DA:295,0
DA:296,0
DA:297,0
DA:298,0
DA:300,0
DA:301,0
DA:302,0
DA:305,0
DA:306,0
DA:314,0
DA:315,0
DA:316,0
DA:321,1
LF:145
LH:71
BRDA:14,0,0,21
BRDA:14,0,1,4
BRDA:21,1,0,1
BRDA:21,1,1,1
BRDA:22,2,0,0
BRDA:22,2,1,1
BRDA:23,3,0,0
BRDA:23,3,1,1
BRDA:38,4,0,0
BRDA:38,4,1,2
BRDA:50,5,0,3
BRDA:50,5,1,2
BRDA:59,6,0,1
BRDA:59,6,1,1
BRDA:60,7,0,2
BRDA:60,7,1,1
BRDA:60,7,2,2
BRDA:60,7,3,1
BRDA:65,8,0,0
BRDA:65,8,1,2
BRDA:65,9,0,2
BRDA:65,9,1,2
BRDA:68,10,0,0
BRDA:68,10,1,2
BRDA:68,11,0,2
BRDA:68,11,1,0
BRDA:89,12,0,0
BRDA:89,12,1,0
BRDA:97,13,0,0
BRDA:97,13,1,0
BRDA:97,14,0,0
BRDA:97,14,1,0
BRDA:97,14,2,0
BRDA:99,15,0,0
BRDA:99,15,1,0
BRDA:107,16,0,1
BRDA:107,16,1,0
BRDA:109,17,0,0
BRDA:109,17,1,0
BRDA:111,18,0,0
BRDA:133,19,0,0
BRDA:133,19,1,0
BRDA:156,20,0,0
BRDA:156,20,1,0
BRDA:174,21,0,0
BRDA:174,21,1,0
BRDA:176,22,0,0
BRDA:176,22,1,0
BRDA:184,23,0,0
BRDA:184,23,1,0
BRDA:184,24,0,0
BRDA:184,24,1,0
BRDA:185,25,0,0
BRDA:185,25,1,0
BRDA:192,26,0,0
BRDA:192,26,1,0
BRDA:197,27,0,1
BRDA:197,27,1,1
BRDA:258,28,0,0
BRDA:258,28,1,0
BRDA:263,29,0,0
BRDA:263,29,1,0
BRDA:291,30,0,0
BRDA:291,30,1,0
BRDA:300,31,0,0
BRDA:300,31,1,0
BRF:66
BRH:23
end_of_record
TN:
SF:src/graphing/config.js
FN:4,(anonymous_0)
FN:8,(anonymous_1)
FN:12,(anonymous_2)
FN:15,(anonymous_3)
FN:46,getScale
FN:50,getGraphSize
FN:54,getScaledQuadrantWidth
FN:58,getScaledQuadrantHeightWithGap
FNF:8
FNH:8
FNDA:10,(anonymous_0)
FNDA:6,(anonymous_1)
FNDA:1,(anonymous_2)
FNDA:5,(anonymous_3)
FNDA:2,getScale
FNDA:1,getGraphSize
FNDA:1,getScaledQuadrantWidth
FNDA:1,getScaledQuadrantHeightWithGap
DA:1,5
DA:2,5
DA:4,5
DA:5,10
DA:8,5
DA:9,6
DA:12,5
DA:13,1
DA:15,5
DA:16,5
DA:19,5
DA:36,5
DA:47,2
DA:51,1
DA:55,1
DA:59,1
DA:62,5
LF:17
LH:17
BRDA:5,0,0,10
BRDA:5,0,1,6
BRDA:5,1,0,10
BRDA:5,1,1,6
BRDA:9,2,0,6
BRDA:9,2,1,6
BRDA:9,3,0,6
BRDA:9,3,1,6
BRDA:13,4,0,1
BRDA:13,4,1,1
BRDA:16,5,0,5
BRDA:16,5,1,1
BRDA:47,6,0,1
BRDA:47,6,1,1
BRF:14
BRH:14
end_of_record
TN:
SF:src/graphing/pdfPage.js
FN:3,(anonymous_0)
FN:7,(anonymous_1)
FN:11,(anonymous_2)
FNF:3
FNH:0
FNDA:0,(anonymous_0)
FNDA:0,(anonymous_1)
FNDA:0,(anonymous_2)
DA:1,0
DA:3,0
DA:4,0
DA:7,0
DA:8,0
DA:11,0
DA:12,0
DA:18,0
LF:8
LH:0
BRF:0
BRH:0
end_of_record
TN:
SF:src/graphing/radar.js
FN:33,(anonymous_0)
FN:39,(anonymous_1)
FN:43,(anonymous_2)
FN:52,plotLines
FN:83,plotQuadrant
FN:91,(anonymous_5)
FN:109,plotTexts
FN:110,(anonymous_7)
FN:131,plotRingNames
FN:132,(anonymous_9)
FN:154,triangle
FN:174,triangleLegend
FN:187,circle
FN:207,circleLegend
FN:220,addRing
FN:226,calculateBlipCoordinates
FN:244,thereIsCollision
FN:245,(anonymous_17)
FN:253,plotBlips
FN:266,(anonymous_19)
FN:267,(anonymous_20)
FN:283,(anonymous_21)
FN:289,(anonymous_22)
FN:297,(anonymous_23)
FN:306,findBlipCoordinates
FN:330,drawBlipInCoordinates
FN:370,(anonymous_26)
FN:377,(anonymous_27)
FN:386,(anonymous_28)
FN:391,(anonymous_29)
FN:399,removeHomeLink
FN:403,createHomeLink
FN:421,removeRadarLegend
FN:425,drawLegend
FN:483,redrawFullRadar
FN:500,(anonymous_35)
FN:510,renderFullRadar
FN:540,(anonymous_37)
FN:576,searchBlip
FN:596,(anonymous_39)
FN:602,plotRadarHeader
FN:611,plotQuadrantButtons
FN:612,addButton
FN:624,(anonymous_43)
FN:647,plotRadarFooter
FN:662,mouseoverQuadrant
FN:667,mouseoutQuadrant
FN:671,hideTooltipOnScroll
FN:672,(anonymous_48)
FN:677,selectQuadrant
FN:713,(anonymous_50)
FN:735,(anonymous_51)
FN:744,plotAlternativeRadars
FN:748,(anonymous_53)
FN:757,(anonymous_54)
FN:765,(anonymous_55)
FN:786,(anonymous_56)
FN:812,(anonymous_57)
FNF:58
FNH:0
FNDA:0,(anonymous_0)
FNDA:0,(anonymous_1)
FNDA:0,(anonymous_2)
FNDA:0,plotLines
FNDA:0,plotQuadrant
FNDA:0,(anonymous_5)
FNDA:0,plotTexts
FNDA:0,(anonymous_7)
FNDA:0,plotRingNames
FNDA:0,(anonymous_9)
FNDA:0,triangle
FNDA:0,triangleLegend
FNDA:0,circle
FNDA:0,circleLegend
FNDA:0,addRing
FNDA:0,calculateBlipCoordinates
FNDA:0,thereIsCollision
FNDA:0,(anonymous_17)
FNDA:0,plotBlips
FNDA:0,(anonymous_19)
FNDA:0,(anonymous_20)
FNDA:0,(anonymous_21)
FNDA:0,(anonymous_22)
FNDA:0,(anonymous_23)
FNDA:0,findBlipCoordinates
FNDA:0,drawBlipInCoordinates
FNDA:0,(anonymous_26)
FNDA:0,(anonymous_27)
FNDA:0,(anonymous_28)
FNDA:0,(anonymous_29)
FNDA:0,removeHomeLink
FNDA:0,createHomeLink
FNDA:0,removeRadarLegend
FNDA:0,drawLegend
FNDA:0,redrawFullRadar
FNDA:0,(anonymous_35)
FNDA:0,renderFullRadar
FNDA:0,(anonymous_37)
FNDA:0,searchBlip
FNDA:0,(anonymous_39)
FNDA:0,plotRadarHeader
FNDA:0,plotQuadrantButtons
FNDA:0,addButton
FNDA:0,(anonymous_43)
FNDA:0,plotRadarFooter
FNDA:0,mouseoverQuadrant
FNDA:0,mouseoutQuadrant
FNDA:0,hideTooltipOnScroll
FNDA:0,(anonymous_48)
FNDA:0,selectQuadrant
FNDA:0,(anonymous_50)
FNDA:0,(anonymous_51)
FNDA:0,plotAlternativeRadars
FNDA:0,(anonymous_53)
FNDA:0,(anonymous_54)
FNDA:0,(anonymous_55)
FNDA:0,(anonymous_56)
FNDA:0,(anonymous_57)
DA:1,0
DA:2,0
DA:3,0
DA:4,0
DA:6,0
DA:7,0
DA:8,0
DA:9,0
DA:10,0
DA:11,0
DA:13,0
DA:14,0
DA:15,0
DA:16,0
DA:17,0
DA:23,0
DA:24,0
DA:25,0
DA:27,0
DA:28,0
DA:30,0
DA:31,0
DA:33,0
DA:34,0
DA:37,0
DA:40,0
DA:43,0
DA:44,0
DA:47,0
DA:49,0
DA:53,0
DA:54,0
DA:56,0
DA:57,0
DA:59,0
DA:60,0
DA:61,0
DA:62,0
DA:64,0
DA:66,0
DA:74,0
DA:84,0
DA:91,0
DA:92,0
DA:99,0
DA:106,0
DA:110,0
DA:111,0
DA:112,0
DA:120,0
DA:132,0
DA:133,0
DA:134,0
DA:135,0
DA:143,0
DA:155,0
DA:175,0
DA:188,0
DA:208,0
DA:221,0
DA:222,0
DA:223,0
DA:227,0
DA:228,0
DA:230,0
DA:234,0
DA:235,0
DA:236,0
DA:238,0
DA:239,0
DA:241,0
DA:245,0
DA:246,0
DA:256,0
DA:257,0
DA:258,0
DA:260,0
DA:265,0
DA:266,0
DA:267,0
DA:268,0
DA:271,0
DA:272,0
DA:277,0
DA:278,0
DA:280,0
DA:284,0
DA:286,0
DA:290,0
DA:292,0
DA:294,0
DA:295,0
DA:297,0
DA:298,0
DA:300,0
DA:301,0
DA:307,0
DA:308,0
DA:309,0
DA:310,0
DA:312,0
DA:313,0
DA:314,0
DA:316,0
DA:317,0
DA:319,0
DA:322,0
DA:323,0
DA:324,0
DA:326,0
DA:331,0
DA:332,0
DA:334,0
DA:339,0
DA:340,0
DA:342,0
DA:344,0
DA:354,0
DA:355,0
DA:356,0
DA:362,0
DA:366,0
DA:367,0
DA:370,0
DA:371,0
DA:372,0
DA:373,0
DA:374,0
DA:377,0
DA:378,0
DA:379,0
DA:380,0
DA:383,0
DA:384,0
DA:386,0
DA:387,0
DA:389,0
DA:391,0
DA:392,0
DA:396,0
DA:400,0
DA:404,0
DA:405,0
DA:422,0
DA:426,0
DA:428,0
DA:429,0
DA:431,0
DA:436,0
DA:437,0
DA:439,0
DA:440,0
DA:441,0
DA:444,0
DA:445,0
DA:446,0
DA:449,0
DA:450,0
DA:451,0
DA:454,0
DA:455,0
DA:456,0
DA:459,0
DA:464,0
DA:466,0
DA:473,0
DA:475,0
DA:484,0
DA:485,0
DA:486,0
DA:487,0
DA:489,0
DA:491,0
DA:493,0
DA:494,0
DA:496,0
DA:498,0
DA:499,0
DA:500,0
DA:501,0
DA:503,0
DA:505,0
DA:507,0
DA:511,0
DA:513,0
DA:515,0
DA:521,0
DA:522,0
DA:523,0
DA:525,0
DA:527,0
DA:528,0
DA:529,0
DA:530,0
DA:531,0
DA:533,0
DA:534,0
DA:536,0
DA:538,0
DA:541,0
DA:545,0
DA:547,0
DA:549,0
DA:551,0
DA:552,0
DA:554,0
DA:562,0
DA:563,0
DA:565,0
DA:566,0
DA:567,0
DA:569,0
DA:570,0
DA:571,0
DA:573,0
DA:577,0
DA:578,0
DA:579,0
DA:580,0
DA:581,0
DA:583,0
DA:585,0
DA:586,0
DA:587,0
DA:588,0
DA:589,0
DA:590,0
DA:591,0
DA:594,0
DA:596,0
DA:597,0
DA:603,0
DA:605,0
DA:606,0
DA:608,0
DA:613,0
DA:615,0
DA:624,0
DA:625,0
DA:628,0
DA:636,0
DA:644,0
DA:648,0
DA:663,0
DA:664,0
DA:668,0
DA:672,0
DA:673,0
DA:678,0
DA:679,0
DA:681,0
DA:682,0
DA:683,0
DA:684,0
DA:685,0
DA:687,0
DA:689,0
DA:690,0
DA:692,0
DA:693,0
DA:694,0
DA:695,0
DA:698,0
DA:699,0
DA:701,0
DA:702,0
DA:704,0
DA:705,0
DA:707,0
DA:709,0
DA:713,0
DA:714,0
DA:715,0
DA:716,0
DA:722,0
DA:724,0
DA:730,0
DA:731,0
DA:735,0
DA:736,0
DA:737,0
DA:738,0
DA:739,0
DA:741,0
DA:745,0
DA:747,0
DA:748,0
DA:749,0
DA:755,0
DA:756,0
DA:758,0
DA:765,0
DA:768,0
DA:769,0
DA:770,0
DA:771,0
DA:773,0
DA:774,0
DA:776,0
DA:778,0
DA:779,0
DA:780,0
DA:781,0
DA:782,0
DA:783,0
DA:785,0
DA:786,0
DA:787,0
DA:790,0
DA:791,0
DA:792,0
DA:793,0
DA:795,0
DA:798,0
DA:800,0
DA:801,0
DA:802,0
DA:803,0
DA:805,0
DA:806,0
DA:812,0
DA:814,0
DA:815,0
DA:816,0
DA:817,0
DA:818,0
DA:819,0
DA:820,0
DA:821,0
DA:823,0
DA:824,0
DA:825,0
DA:826,0
DA:830,0
DA:831,0
DA:832,0
DA:833,0
DA:837,0
DA:840,0
LF:339
LH:0
BRDA:59,0,0,0
BRDA:59,0,1,0
BRDA:64,1,0,0
BRDA:64,1,1,0
BRDA:111,2,0,0
BRDA:111,2,1,0
BRDA:111,3,0,0
BRDA:111,3,1,0
BRDA:133,4,0,0
BRDA:133,4,1,0
BRDA:134,5,0,0
BRDA:134,5,1,0
BRDA:134,6,0,0
BRDA:134,6,1,0
BRDA:188,7,0,0
BRDA:188,7,1,0
BRDA:208,8,0,0
BRDA:208,8,1,0
BRDA:235,9,0,0
BRDA:235,9,1,0
BRDA:247,10,0,0
BRDA:247,10,1,0
BRDA:271,11,0,0
BRDA:271,11,1,0
BRDA:313,12,0,0
BRDA:313,12,1,0
BRDA:322,13,0,0
BRDA:322,13,1,0
BRDA:322,14,0,0
BRDA:322,14,1,0
BRDA:339,15,0,0
BRDA:339,15,1,0
BRDA:355,16,0,0
BRDA:355,16,1,0
BRDA:366,17,0,0
BRDA:366,17,1,0
BRDA:387,18,0,0
BRDA:387,18,1,0
BRDA:404,19,0,0
BRDA:404,19,1,0
BRDA:439,20,0,0
BRDA:439,20,1,0
BRDA:444,21,0,0
BRDA:444,21,1,0
BRDA:449,22,0,0
BRDA:449,22,1,0
BRDA:454,23,0,0
BRDA:454,23,1,0
BRDA:498,24,0,0
BRDA:498,24,1,0
BRDA:581,25,0,0
BRDA:581,25,1,0
BRDA:590,26,0,0
BRDA:590,26,1,0
BRDA:694,27,0,0
BRDA:694,27,1,0
BRDA:730,28,0,0
BRDA:730,28,1,0
BRDA:737,29,0,0
BRDA:737,29,1,0
BRDA:755,30,0,0
BRDA:755,30,1,0
BRDA:778,31,0,0
BRDA:778,31,1,0
BRDA:792,32,0,0
BRDA:792,32,1,0
BRDA:800,33,0,0
BRDA:800,33,1,0
BRDA:814,34,0,0
BRDA:814,34,1,0
BRDA:830,35,0,0
BRDA:830,35,1,0
BRF:72
BRH:0
end_of_record
TN:
SF:src/graphing/components/alternativeRadars.js
FN:4,renderAlternativeRadars
FN:15,(anonymous_1)
FNF:2
FNH:0
FNDA:0,renderAlternativeRadars
FNDA:0,(anonymous_1)
DA:1,0
DA:2,0
DA:5,0
DA:7,0
DA:8,0
DA:10,0
DA:15,0
DA:16,0
DA:18,0
DA:25,0
DA:26,0
DA:28,0
DA:29,0
DA:35,0
LF:14
LH:0
BRDA:25,0,0,0
BRDA:25,0,1,0
BRF:2
BRH:0
end_of_record
TN:
SF:src/graphing/components/banner.js
FN:7,renderBanner
FNF:1
FNH:0
FNDA:0,renderBanner
DA:1,0
DA:3,0
DA:4,0
DA:5,0
DA:8,0
DA:9,0
DA:11,0
DA:12,0
DA:13,0
DA:15,0
DA:17,0
DA:18,0
DA:28,0
DA:36,0
LF:14
LH:0
BRDA:8,0,0,0
BRDA:8,0,1,0
BRF:2
BRH:0
end_of_record
TN:
SF:src/graphing/components/buttons.js
FN:1,renderButtons
FNF:1
FNH:0
FNDA:0,renderButtons
DA:2,0
DA:4,0
DA:10,0
DA:17,0
LF:4
LH:0
BRF:0
BRH:0
end_of_record
TN:
SF:src/graphing/components/quadrantSubnav.js
FN:6,addListItem
FN:16,(anonymous_1)
FN:42,renderQuadrantSubnav
FN:56,(anonymous_3)
FN:63,(anonymous_4)
FN:64,(anonymous_5)
FN:72,(anonymous_6)
FNF:7
FNH:0
FNDA:0,addListItem
FNDA:0,(anonymous_1)
FNDA:0,renderQuadrantSubnav
FNDA:0,(anonymous_3)
FNDA:0,(anonymous_4)
FNDA:0,(anonymous_5)
FNDA:0,(anonymous_6)
DA:1,0
DA:2,0
DA:3,0
DA:4,0
DA:7,0
DA:17,0
DA:18,0
DA:19,0
DA:21,0
DA:25,0
DA:27,0
DA:28,0
DA:29,0
DA:31,0
DA:32,0
DA:34,0
DA:36,0
DA:37,0
DA:43,0
DA:45,0
DA:49,0
DA:50,0
DA:52,0
DA:53,0
DA:54,0
DA:56,0
DA:57,0
DA:58,0
DA:60,0
DA:63,0
DA:64,0
DA:65,0
DA:70,0
DA:72,0
DA:73,0
DA:74,0
DA:75,0
DA:77,0
DA:78,0
DA:83,0
LF:40
LH:0
BRDA:32,0,0,0
BRDA:32,0,1,0
BRDA:36,1,0,0
BRDA:36,1,1,0
BRDA:60,2,0,0
BRDA:60,2,1,0
BRDA:70,3,0,0
BRDA:70,3,1,0
BRDA:73,4,0,0
BRDA:73,4,1,0
BRF:10
BRH:0
end_of_record
TN:
SF:src/graphing/components/quadrantTables.js
FN:6,fadeOutAllBlips
FN:10,fadeInSelectedBlip
FN:14,highlightBlipInTable
FN:18,highlightBlipInGraph
FN:24,renderBlipDescription
FN:44,(anonymous_5)
FN:73,(anonymous_6)
FN:105,(anonymous_7)
FN:111,(anonymous_8)
FN:127,(anonymous_9)
FN:155,renderQuadrantTables
FN:159,(anonymous_11)
FN:189,(anonymous_12)
FN:190,(anonymous_13)
FN:193,(anonymous_14)
FN:202,(anonymous_15)
FNF:16
FNH:0
FNDA:0,fadeOutAllBlips
FNDA:0,fadeInSelectedBlip
FNDA:0,highlightBlipInTable
FNDA:0,highlightBlipInGraph
FNDA:0,renderBlipDescription
FNDA:0,(anonymous_5)
FNDA:0,(anonymous_6)
FNDA:0,(anonymous_7)
FNDA:0,(anonymous_8)
FNDA:0,(anonymous_9)
FNDA:0,renderQuadrantTables
FNDA:0,(anonymous_11)
FNDA:0,(anonymous_12)
FNDA:0,(anonymous_13)
FNDA:0,(anonymous_14)
FNDA:0,(anonymous_15)
DA:1,1
DA:2,1
DA:3,1
DA:4,1
DA:7,0
DA:11,0
DA:15,0
DA:19,0
DA:20,0
DA:21,0
DA:25,0
DA:26,0
DA:27,0
DA:28,0
DA:33,0
DA:34,0
DA:37,0
DA:45,0
DA:47,0
DA:49,0
DA:50,0
DA:52,0
DA:53,0
DA:55,0
DA:56,0
DA:60,0
DA:64,0
DA:66,0
DA:72,0
DA:73,0
DA:74,0
DA:75,0
DA:76,0
DA:77,0
DA:78,0
DA:79,0
DA:80,0
DA:82,0
DA:83,0
DA:84,0
DA:86,0
DA:87,0
DA:89,0
DA:91,0
DA:92,0
DA:94,0
DA:105,0
DA:106,0
DA:107,0
DA:108,0
DA:111,0
DA:112,0
DA:113,0
DA:114,0
DA:115,0
DA:118,0
DA:119,0
DA:121,0
DA:123,0
DA:124,0
DA:126,0
DA:128,0
DA:129,0
DA:132,0
DA:133,0
DA:134,0
DA:136,0
DA:137,0
DA:145,0
DA:147,0
DA:156,0
DA:158,0
DA:159,0
DA:160,0
DA:162,0
DA:163,0
DA:179,0
DA:185,0
DA:189,0
DA:190,0
DA:193,0
DA:194,0
DA:199,0
DA:202,0
DA:207,1
LF:85
LH:5
BRDA:26,0,0,0
BRDA:26,0,1,0
BRDA:33,1,0,0
BRDA:33,1,1,0
BRDA:55,2,0,0
BRDA:55,2,1,0
BRDA:74,3,0,0
BRDA:74,3,1,0
BRDA:75,4,0,0
BRDA:75,4,1,0
BRDA:77,5,0,0
BRDA:77,5,1,0
BRDA:83,6,0,0
BRDA:83,6,1,0
BRDA:84,7,0,0
BRDA:84,7,1,0
BRDA:86,8,0,0
BRDA:86,8,1,0
BRDA:86,9,0,0
BRDA:86,9,1,0
BRDA:113,10,0,0
BRDA:113,10,1,0
BRDA:114,11,0,0
BRDA:114,11,1,0
BRDA:128,12,0,0
BRDA:128,12,1,0
BRDA:133,13,0,0
BRDA:133,13,1,0
BRDA:141,14,0,0
BRDA:141,14,1,0
BRDA:145,15,0,0
BRDA:145,15,1,0
BRDA:162,16,0,0
BRDA:162,16,1,0
BRDA:162,17,0,0
BRDA:162,17,1,0
BRF:36
BRH:0
end_of_record
TN:
SF:src/graphing/components/quadrants.js
FN:22,selectRadarQuadrant
FN:117,(anonymous_1)
FN:128,(anonymous_2)
FN:193,wrapQuadrantNameInMultiLine
FN:205,maxCharactersToFit
FN:222,ellipsis
FN:226,(anonymous_6)
FN:227,(anonymous_7)
FN:276,renderRadarQuadrantName
FN:318,renderRadarQuadrants
FN:325,(anonymous_10)
FN:357,(anonymous_11)
FN:393,renderRadarLegends
FN:415,renderMobileView
FN:424,(anonymous_14)
FN:429,mouseoverQuadrant
FN:434,mouseoutQuadrant
FN:438,quadrantScrollHandler
FN:508,stickQuadrantOnScroll
FN:554,removeScrollListener
FNF:20
FNH:3
FNDA:0,selectRadarQuadrant
FNDA:0,(anonymous_1)
FNDA:0,(anonymous_2)
FNDA:5,wrapQuadrantNameInMultiLine
FNDA:6,maxCharactersToFit
FNDA:4,ellipsis
FNDA:0,(anonymous_6)
FNDA:0,(anonymous_7)
FNDA:0,renderRadarQuadrantName
FNDA:0,renderRadarQuadrants
FNDA:0,(anonymous_10)
FNDA:0,(anonymous_11)
FNDA:0,renderRadarLegends
FNDA:0,renderMobileView
FNDA:0,(anonymous_14)
FNDA:0,mouseoverQuadrant
FNDA:0,mouseoutQuadrant
FNDA:0,quadrantScrollHandler
FNDA:0,stickQuadrantOnScroll
FNDA:0,removeScrollListener
DA:1,2
DA:2,2
DA:3,2
DA:4,2
DA:12,2
DA:14,2
DA:16,2
DA:20,2
DA:23,0
DA:24,0
DA:26,0
DA:30,0
DA:32,0
DA:33,0
DA:35,0
DA:36,0
DA:38,0
DA:40,0
DA:41,0
DA:43,0
DA:45,0
DA:47,0
DA:48,0
DA:50,0
DA:51,0
DA:53,0
DA:54,0
DA:56,0
DA:79,0
DA:90,0
DA:91,0
DA:94,0
DA:100,0
DA:102,0
DA:109,0
DA:117,0
DA:118,0
DA:121,0
DA:122,0
DA:129,0
DA:132,0
DA:133,0
DA:137,0
DA:138,0
DA:140,0
DA:141,0
DA:143,0
DA:145,0
DA:146,0
DA:148,0
DA:149,0
DA:151,0
DA:154,0
DA:155,0
DA:158,0
DA:159,0
DA:161,0
DA:162,0
DA:164,0
DA:166,0
DA:168,0
DA:169,0
DA:170,0
DA:179,0
DA:185,0
DA:186,0
DA:187,0
DA:189,0
DA:194,5
DA:195,5
DA:196,5
DA:197,5
DA:199,5
DA:200,5
DA:202,5
DA:203,5
DA:206,6
DA:207,6
DA:208,6
DA:209,6
DA:210,6
DA:211,2
DA:213,4
DA:214,52
DA:215,52
DA:217,52
DA:219,4
DA:223,4
DA:224,2
DA:226,2
DA:227,2
DA:228,2
DA:232,5
DA:233,4
DA:234,7
DA:235,7
DA:236,7
DA:238,7
DA:239,4
DA:240,2
DA:241,2
DA:242,2
DA:243,2
DA:244,2
DA:251,2
DA:253,2
DA:254,2
DA:255,2
DA:256,2
DA:264,2
DA:266,3
DA:270,1
DA:273,5
DA:277,0
DA:278,0
DA:279,0
DA:281,0
DA:286,0
DA:288,0
DA:289,0
DA:294,0
DA:296,0
DA:297,0
DA:298,0
DA:299,0
DA:300,0
DA:302,0
DA:303,0
DA:305,0
DA:307,0
DA:308,0
DA:309,0
DA:311,0
DA:313,0
DA:314,0
DA:315,0
DA:319,0
DA:326,0
DA:329,0
DA:348,0
DA:357,0
DA:358,0
DA:365,0
DA:375,0
DA:389,0
DA:390,0
DA:394,0
DA:396,0
DA:404,0
DA:412,0
DA:416,0
DA:417,0
DA:424,0
DA:425,0
DA:430,0
DA:431,0
DA:435,0
DA:450,0
DA:451,0
DA:453,0
DA:454,0
DA:455,0
DA:456,0
DA:458,0
DA:459,0
DA:460,0
DA:462,0
DA:463,0
DA:465,0
DA:469,0
DA:474,0
DA:475,0
DA:476,0
DA:483,0
DA:484,0
DA:492,0
DA:495,0
DA:496,0
DA:497,0
DA:499,0
DA:500,0
DA:504,0
DA:509,0
DA:510,0
DA:512,0
DA:513,0
DA:514,0
DA:515,0
DA:517,0
DA:518,0
DA:519,0
DA:520,0
DA:523,0
DA:524,0
DA:526,0
DA:528,0
DA:542,0
DA:546,0
DA:547,0
DA:549,0
DA:555,0
DA:556,0
DA:559,2
LF:203
LH:54
BRDA:82,0,0,0
BRDA:82,0,1,0
BRDA:90,1,0,0
BRDA:90,1,1,0
BRDA:148,2,0,0
BRDA:148,2,1,0
BRDA:148,3,0,0
BRDA:148,3,1,0
BRDA:154,4,0,0
BRDA:154,4,1,0
BRDA:168,5,0,0
BRDA:168,5,1,0
BRDA:169,6,0,0
BRDA:169,6,1,0
BRDA:169,7,0,0
BRDA:169,7,1,0
BRDA:197,8,0,0
BRDA:197,8,1,5
BRDA:210,9,0,2
BRDA:210,9,1,4
BRDA:213,10,0,56
BRDA:213,10,1,52
BRDA:223,11,0,2
BRDA:223,11,1,2
BRDA:232,12,0,4
BRDA:232,12,1,1
BRDA:238,13,0,4
BRDA:238,13,1,3
BRDA:239,14,0,2
BRDA:239,14,1,2
BRDA:302,15,0,0
BRDA:302,15,1,0
BRDA:307,16,0,0
BRDA:307,16,1,0
BRDA:308,17,0,0
BRDA:308,17,1,0
BRDA:326,18,0,0
BRDA:326,18,1,0
BRDA:453,19,0,0
BRDA:453,19,1,0
BRDA:458,20,0,0
BRDA:458,20,1,0
BRDA:474,21,0,0
BRDA:474,21,1,0
BRDA:474,22,0,0
BRDA:474,22,1,0
BRDA:509,23,0,0
BRDA:509,23,1,0
BRDA:542,24,0,0
BRDA:542,24,1,0
BRF:50
BRH:13
end_of_record
TN:
SF:src/graphing/components/search.js
FN:6,renderSearch
FN:15,(anonymous_1)
FN:27,(anonymous_2)
FNF:3
FNH:0
FNDA:0,renderSearch
FNDA:0,(anonymous_1)
FNDA:0,(anonymous_2)
DA:1,0
DA:3,0
DA:4,0
DA:7,0
DA:9,0
DA:15,0
DA:16,0
DA:17,0
DA:19,0
DA:20,0
DA:24,0
DA:25,0
DA:27,0
DA:28,0
DA:35,0
LF:15
LH:0
BRF:0
BRH:0
end_of_record
TN:
SF:src/models/blip.js
FN:3,(anonymous_0)
FN:11,(anonymous_1)
FN:15,(anonymous_2)
FN:19,(anonymous_3)
FN:23,(anonymous_4)
FN:27,(anonymous_5)
FN:31,(anonymous_6)
FN:35,(anonymous_7)
FN:39,(anonymous_8)
FN:43,(anonymous_9)
FN:47,(anonymous_10)
FN:51,(anonymous_11)
FN:55,(anonymous_12)
FN:59,(anonymous_13)
FN:63,(anonymous_14)
FNF:15
FNH:15
FNDA:101,(anonymous_0)
FNDA:16,(anonymous_1)
FNDA:18,(anonymous_2)
FNDA:2,(anonymous_3)
FNDA:2,(anonymous_4)
FNDA:2,(anonymous_5)
FNDA:3,(anonymous_6)
FNDA:3,(anonymous_7)
FNDA:2,(anonymous_8)
FNDA:1,(anonymous_9)
FNDA:1,(anonymous_10)
FNDA:11,(anonymous_11)
FNDA:19,(anonymous_12)
FNDA:74,(anonymous_13)
FNDA:2,(anonymous_14)
DA:1,4
DA:2,4
DA:3,4
DA:6,101
DA:7,101
DA:9,101
DA:11,101
DA:12,16
DA:15,101
DA:16,18
DA:19,101
DA:20,2
DA:23,101
DA:24,2
DA:27,101
DA:28,2
DA:31,101
DA:32,3
DA:35,101
DA:36,3
DA:39,101
DA:40,2
DA:43,101
DA:44,1
DA:47,101
DA:48,1
DA:51,101
DA:52,11
DA:55,101
DA:56,19
DA:59,101
DA:60,74
DA:63,101
DA:64,2
DA:67,101
DA:70,4
LF:36
LH:36
BRDA:16,0,0,18
BRDA:16,0,1,1
BRDA:20,1,0,1
BRDA:20,1,1,1
BRDA:24,2,0,2
BRDA:24,2,1,1
BRDA:28,3,0,2
BRDA:28,3,1,1
BRDA:40,4,0,2
BRDA:40,4,1,1
BRDA:52,5,0,11
BRDA:52,5,1,1
BRF:12
BRH:12
end_of_record
TN:
SF:src/models/quadrant.js
FN:1,(anonymous_0)
FN:7,(anonymous_1)
FN:11,(anonymous_2)
FN:19,(anonymous_3)
FNF:4
FNH:4
FNDA:21,(anonymous_0)
FNDA:1,(anonymous_1)
FNDA:13,(anonymous_2)
FNDA:27,(anonymous_3)
DA:1,2
DA:4,21
DA:5,21
DA:7,21
DA:8,1
DA:11,21
DA:12,13
DA:13,12
DA:15,1
DA:19,21
DA:20,27
DA:23,21
DA:26,2
LF:13
LH:13
BRDA:12,0,0,12
BRDA:12,0,1,1
BRF:2
BRH:2
end_of_record
TN:
SF:src/models/radar.js
FN:10,(anonymous_0)
FN:36,setNumbers
FN:37,(anonymous_2)
FN:44,(anonymous_3)
FN:48,(anonymous_4)
FN:52,(anonymous_5)
FN:56,(anonymous_6)
FN:60,(anonymous_7)
FN:68,(anonymous_8)
FN:72,allQuadrants
FN:80,allBlips
FN:81,(anonymous_11)
FN:86,(anonymous_12)
FN:93,(anonymous_13)
FN:96,(anonymous_14)
FN:100,(anonymous_15)
FN:106,(anonymous_16)
FNF:17
FNH:11
FNDA:12,(anonymous_0)
FNDA:16,setNumbers
FNDA:17,(anonymous_2)
FNDA:2,(anonymous_3)
FNDA:1,(anonymous_4)
FNDA:1,(anonymous_5)
FNDA:1,(anonymous_6)
FNDA:17,(anonymous_7)
FNDA:2,(anonymous_8)
FNDA:0,allQuadrants
FNDA:0,allBlips
FNDA:0,(anonymous_11)
FNDA:6,(anonymous_12)
FNDA:0,(anonymous_13)
FNDA:0,(anonymous_14)
FNDA:0,(anonymous_15)
FNDA:16,(anonymous_16)
DA:1,1
DA:2,1
DA:4,1
DA:10,1
DA:11,12
DA:12,12
DA:16,12
DA:17,12
DA:18,12
DA:31,12
DA:32,12
DA:33,12
DA:34,12
DA:37,16
DA:38,17
DA:39,17
DA:40,17
DA:44,12
DA:45,2
DA:48,12
DA:49,1
DA:52,12
DA:53,1
DA:56,12
DA:57,1
DA:60,12
DA:61,17
DA:62,1
DA:64,16
DA:65,16
DA:66,16
DA:68,12
DA:69,2
DA:73,0
DA:74,0
DA:77,0
DA:81,0
DA:82,0
DA:86,12
DA:87,6
DA:88,6
DA:91,0
DA:94,0
DA:97,0
DA:101,0
DA:106,12
DA:107,16
DA:110,12
DA:113,1
LF:49
LH:40
BRDA:18,0,0,12
BRDA:18,0,1,0
BRDA:61,1,0,1
BRDA:61,1,1,16
BRDA:73,2,0,0
BRDA:73,2,1,0
BRDA:87,3,0,6
BRDA:87,3,1,0
BRF:8
BRH:4
end_of_record
TN:
SF:src/models/ring.js
FN:1,(anonymous_0)
FN:4,(anonymous_1)
FN:8,(anonymous_2)
FNF:3
FNH:3
FNDA:50,(anonymous_0)
FNDA:21,(anonymous_1)
FNDA:1,(anonymous_2)
DA:1,3
DA:2,50
DA:4,50
DA:5,21
DA:8,50
DA:9,1
DA:12,50
DA:15,3
LF:8
LH:8
BRF:0
BRH:0
end_of_record
TN:
SF:src/util/autoComplete.js
FN:8,(anonymous_0)
FN:12,(anonymous_1)
FN:15,(anonymous_2)
FN:29,(anonymous_3)
FN:30,(anonymous_4)
FN:31,(anonymous_5)
FN:37,(anonymous_6)
FN:38,(anonymous_7)
FN:40,(anonymous_8)
FN:42,(anonymous_9)
FN:48,(anonymous_10)
FN:49,(anonymous_11)
FN:51,(anonymous_12)
FN:53,(anonymous_13)
FNF:14
FNH:0
FNDA:0,(anonymous_0)
FNDA:0,(anonymous_1)
FNDA:0,(anonymous_2)
FNDA:0,(anonymous_3)
FNDA:0,(anonymous_4)
FNDA:0,(anonymous_5)
FNDA:0,(anonymous_6)
FNDA:0,(anonymous_7)
FNDA:0,(anonymous_8)
FNDA:0,(anonymous_9)
FNDA:0,(anonymous_10)
FNDA:0,(anonymous_11)
FNDA:0,(anonymous_12)
FNDA:0,(anonymous_13)
DA:1,0
DA:2,0
DA:4,0
DA:5,0
DA:7,0
DA:9,0
DA:10,0
DA:13,0
DA:15,0
DA:16,0
DA:17,0
DA:18,0
DA:19,0
DA:21,0
DA:22,0
DA:23,0
DA:29,0
DA:30,0
DA:31,0
DA:34,0
DA:35,0
DA:38,0
DA:39,0
DA:40,0
DA:42,0
DA:47,0
DA:49,0
DA:50,0
DA:51,0
DA:53,0
DA:60,0
LF:31
LH:0
BRDA:17,0,0,0
BRDA:17,0,1,0
BRDA:22,1,0,0
BRDA:22,1,1,0
BRDA:34,2,0,0
BRDA:34,2,1,0
BRF:6
BRH:0
end_of_record
TN:
SF:src/util/contentValidator.js
FN:11,(anonymous_0)
FN:13,(anonymous_1)
FN:17,(anonymous_2)
FN:23,(anonymous_3)
FN:24,(anonymous_4)
FNF:5
FNH:5
FNDA:5,(anonymous_0)
FNDA:19,(anonymous_1)
FNDA:2,(anonymous_2)
FNDA:3,(anonymous_3)
FNDA:11,(anonymous_4)
DA:1,1
DA:8,1
DA:9,1
DA:11,1
DA:12,5
DA:13,5
DA:14,19
DA:17,5
DA:18,2
DA:19,1
DA:23,5
DA:24,3
DA:25,11
DA:26,1
DA:31,5
DA:34,1
LF:16
LH:16
BRDA:18,0,0,1
BRDA:18,0,1,1
BRDA:25,1,0,1
BRDA:25,1,1,10
BRF:4
BRH:4
end_of_record
TN:
SF:src/util/exceptionMessages.js
FNF:0
FNH:0
DA:1,3
DA:18,3
LF:2
LH:2
BRF:0
BRH:0
end_of_record
TN:
SF:src/util/factory.js
FN:29,(anonymous_0)
FN:43,(anonymous_1)
FN:51,(anonymous_2)
FN:61,(anonymous_3)
FN:66,(anonymous_4)
FN:83,validateInputQuadrantOrRingName
FN:87,(anonymous_6)
FN:90,(anonymous_7)
FN:95,(anonymous_8)
FN:100,(anonymous_9)
FN:105,(anonymous_10)
FN:123,(anonymous_11)
FN:127,(anonymous_12)
FN:138,(anonymous_13)
FN:141,(anonymous_14)
FN:143,(anonymous_15)
FN:153,createBlipsForProtectedSheet
FN:157,(anonymous_17)
FN:165,(anonymous_18)
FN:172,(anonymous_19)
FN:173,(anonymous_20)
FN:181,(anonymous_21)
FN:196,(anonymous_22)
FN:204,(anonymous_23)
FN:207,(anonymous_24)
FN:210,(anonymous_25)
FN:216,(anonymous_26)
FN:233,(anonymous_27)
FN:241,(anonymous_28)
FN:244,(anonymous_29)
FN:247,(anonymous_30)
FN:253,(anonymous_31)
FN:269,(anonymous_32)
FN:277,(anonymous_33)
FN:283,(anonymous_34)
FN:292,(anonymous_35)
FN:296,(anonymous_36)
FN:302,(anonymous_37)
FN:357,setDocumentTitle
FN:361,plotLoading
FN:382,plotLogo
FN:389,plotFooter
FN:404,plotBanner
FN:408,plotForm
FN:431,plotErrorMessage
FN:453,plotError
FN:494,showErrorMessage
FN:499,plotUnauthorizedErrorMessage
FN:539,(anonymous_48)
FN:550,(anonymous_49)
FNF:50
FNH:0
FNDA:0,(anonymous_0)
FNDA:0,(anonymous_1)
FNDA:0,(anonymous_2)
FNDA:0,(anonymous_3)
FNDA:0,(anonymous_4)
FNDA:0,validateInputQuadrantOrRingName
FNDA:0,(anonymous_6)
FNDA:0,(anonymous_7)
FNDA:0,(anonymous_8)
FNDA:0,(anonymous_9)
FNDA:0,(anonymous_10)
FNDA:0,(anonymous_11)
FNDA:0,(anonymous_12)
FNDA:0,(anonymous_13)
FNDA:0,(anonymous_14)
FNDA:0,(anonymous_15)
FNDA:0,createBlipsForProtectedSheet
FNDA:0,(anonymous_17)
FNDA:0,(anonymous_18)
FNDA:0,(anonymous_19)
FNDA:0,(anonymous_20)
FNDA:0,(anonymous_21)
FNDA:0,(anonymous_22)
FNDA:0,(anonymous_23)
FNDA:0,(anonymous_24)
FNDA:0,(anonymous_25)
FNDA:0,(anonymous_26)
FNDA:0,(anonymous_27)
FNDA:0,(anonymous_28)
FNDA:0,(anonymous_29)
FNDA:0,(anonymous_30)
FNDA:0,(anonymous_31)
FNDA:0,(anonymous_32)
FNDA:0,(anonymous_33)
FNDA:0,(anonymous_34)
FNDA:0,(anonymous_35)
FNDA:0,(anonymous_36)
FNDA:0,(anonymous_37)
FNDA:0,setDocumentTitle
FNDA:0,plotLoading
FNDA:0,plotLogo
FNDA:0,plotFooter
FNDA:0,plotBanner
FNDA:0,plotForm
FNDA:0,plotErrorMessage
FNDA:0,plotError
FNDA:0,showErrorMessage
FNDA:0,plotUnauthorizedErrorMessage
FNDA:0,(anonymous_48)
FNDA:0,(anonymous_49)
DA:3,0
DA:4,0
DA:10,0
DA:11,0
DA:12,0
DA:13,0
DA:14,0
DA:15,0
DA:16,0
DA:17,0
DA:18,0
DA:19,0
DA:20,0
DA:21,0
DA:22,0
DA:23,0
DA:24,0
DA:25,0
DA:26,0
DA:27,0
DA:28,0
DA:29,0
DA:30,0
DA:31,0
DA:33,0
DA:34,0
DA:36,0
DA:37,0
DA:39,0
DA:40,0
DA:41,0
DA:43,0
DA:44,0
DA:45,0
DA:47,0
DA:50,0
DA:51,0
DA:52,0
DA:53,0
DA:55,0
DA:60,0
DA:61,0
DA:62,0
DA:65,0
DA:66,0
DA:67,0
DA:71,0
DA:72,0
DA:75,0
DA:80,0
DA:84,0
DA:85,0
DA:86,0
DA:87,0
DA:90,0
DA:91,0
DA:93,0
DA:95,0
DA:96,0
DA:97,0
DA:100,0
DA:101,0
DA:102,0
DA:105,0
DA:106,0
DA:107,0
DA:108,0
DA:109,0
DA:116,0
DA:120,0
DA:121,0
DA:123,0
DA:124,0
DA:127,0
DA:128,0
DA:131,0
DA:133,0
DA:134,0
DA:135,0
DA:138,0
DA:139,0
DA:141,0
DA:142,0
DA:143,0
DA:144,0
DA:145,0
DA:146,0
DA:149,0
DA:154,0
DA:155,0
DA:157,0
DA:158,0
DA:159,0
DA:160,0
DA:163,0
DA:164,0
DA:165,0
DA:166,0
DA:167,0
DA:172,0
DA:173,0
DA:174,0
DA:175,0
DA:176,0
DA:177,0
DA:179,0
DA:181,0
DA:182,0
DA:183,0
DA:184,0
DA:186,0
DA:189,0
DA:190,0
DA:196,0
DA:197,0
DA:198,0
DA:201,0
DA:204,0
DA:205,0
DA:207,0
DA:208,0
DA:211,0
DA:212,0
DA:216,0
DA:217,0
DA:218,0
DA:219,0
DA:220,0
DA:221,0
DA:222,0
DA:223,0
DA:224,0
DA:228,0
DA:229,0
DA:233,0
DA:234,0
DA:235,0
DA:238,0
DA:241,0
DA:242,0
DA:244,0
DA:245,0
DA:248,0
DA:249,0
DA:253,0
DA:254,0
DA:255,0
DA:256,0
DA:257,0
DA:258,0
DA:259,0
DA:260,0
DA:264,0
DA:265,0
DA:269,0
DA:270,0
DA:271,0
DA:274,0
DA:277,0
DA:278,0
DA:279,0
DA:280,0
DA:283,0
DA:284,0
DA:285,0
DA:286,0
DA:287,0
DA:289,0
DA:292,0
DA:293,0
DA:296,0
DA:297,0
DA:298,0
DA:299,0
DA:302,0
DA:303,0
DA:305,0
DA:307,0
DA:308,0
DA:309,0
DA:310,0
DA:317,0
DA:318,0
DA:321,0
DA:323,0
DA:324,0
DA:325,0
DA:326,0
DA:327,0
DA:328,0
DA:329,0
DA:330,0
DA:331,0
DA:332,0
DA:334,0
DA:335,0
DA:336,0
DA:337,0
DA:338,0
DA:340,0
DA:343,0
DA:345,0
DA:347,0
DA:350,0
DA:354,0
DA:358,0
DA:362,0
DA:363,0
DA:364,0
DA:365,0
DA:367,0
DA:369,0
DA:372,0
DA:373,0
DA:374,0
DA:376,0
DA:377,0
DA:378,0
DA:383,0
DA:390,0
DA:405,0
DA:409,0
DA:417,0
DA:419,0
DA:426,0
DA:428,0
DA:432,0
DA:433,0
DA:435,0
DA:436,0
DA:438,0
DA:441,0
DA:444,0
DA:446,0
DA:447,0
DA:449,0
DA:455,0
DA:456,0
DA:457,0
DA:458,0
DA:459,0
DA:460,0
DA:462,0
DA:463,0
DA:464,0
DA:467,0
DA:468,0
DA:469,0
DA:470,0
DA:471,0
DA:475,0
DA:476,0
DA:478,0
DA:479,0
DA:480,0
DA:481,0
DA:483,0
DA:484,0
DA:486,0
DA:487,0
DA:488,0
DA:489,0
DA:490,0
DA:495,0
DA:496,0
DA:501,0
DA:502,0
DA:503,0
DA:504,0
DA:506,0
DA:508,0
DA:510,0
DA:512,0
DA:514,0
DA:515,0
DA:516,0
DA:517,0
DA:519,0
DA:520,0
DA:521,0
DA:522,0
DA:523,0
DA:525,0
DA:527,0
DA:529,0
DA:530,0
DA:531,0
DA:533,0
DA:539,0
DA:541,0
DA:542,0
DA:543,0
DA:544,0
DA:546,0
DA:547,0
DA:548,0
DA:550,0
DA:551,0
DA:552,0
DA:553,0
DA:554,0
DA:555,0
DA:557,0
DA:563,0
LF:304
LH:0
BRDA:30,0,0,0
BRDA:30,0,1,0
BRDA:33,1,0,0
BRDA:33,1,1,0
BRDA:44,2,0,0
BRDA:44,2,1,0
BRDA:52,3,0,0
BRDA:52,3,1,0
BRDA:65,4,0,0
BRDA:65,4,1,0
BRDA:65,5,0,0
BRDA:65,5,1,0
BRDA:71,6,0,0
BRDA:71,6,1,0
BRDA:71,7,0,0
BRDA:71,7,1,0
BRDA:75,8,0,0
BRDA:75,8,1,0
BRDA:77,9,0,0
BRDA:77,9,1,0
BRDA:108,10,0,0
BRDA:108,10,1,0
BRDA:108,11,0,0
BRDA:108,11,1,0
BRDA:133,12,0,0
BRDA:133,12,1,0
BRDA:134,13,0,0
BRDA:134,13,1,0
BRDA:144,14,0,0
BRDA:144,14,1,0
BRDA:154,15,0,0
BRDA:154,15,1,0
BRDA:166,16,0,0
BRDA:166,16,1,0
BRDA:167,17,0,0
BRDA:167,17,1,0
BRDA:172,18,0,0
BRDA:177,19,0,0
BRDA:177,19,1,0
BRDA:177,20,0,0
BRDA:177,20,1,0
BRDA:177,20,2,0
BRDA:182,21,0,0
BRDA:182,21,1,0
BRDA:189,22,0,0
BRDA:189,22,1,0
BRDA:212,23,0,0
BRDA:212,23,1,0
BRDA:224,24,0,0
BRDA:224,24,1,0
BRDA:229,25,0,0
BRDA:229,25,1,0
BRDA:249,26,0,0
BRDA:249,26,1,0
BRDA:260,27,0,0
BRDA:260,27,1,0
BRDA:265,28,0,0
BRDA:265,28,1,0
BRDA:280,29,0,0
BRDA:280,29,1,0
BRDA:286,30,0,0
BRDA:286,30,1,0
BRDA:297,31,0,0
BRDA:297,31,1,0
BRDA:303,32,0,0
BRDA:303,32,1,0
BRDA:303,33,0,0
BRDA:303,33,1,0
BRDA:305,34,0,0
BRDA:305,34,1,0
BRDA:307,35,0,0
BRDA:307,35,1,0
BRDA:318,36,0,0
BRDA:318,36,1,0
BRDA:321,37,0,0
BRDA:321,37,1,0
BRDA:323,38,0,0
BRDA:323,38,1,0
BRDA:324,39,0,0
BRDA:324,39,1,0
BRDA:324,40,0,0
BRDA:324,40,1,0
BRDA:327,41,0,0
BRDA:327,41,1,0
BRDA:327,42,0,0
BRDA:327,42,1,0
BRDA:330,43,0,0
BRDA:330,43,1,0
BRDA:330,44,0,0
BRDA:330,44,1,0
BRDA:330,44,2,0
BRDA:334,45,0,0
BRDA:334,45,1,0
BRDA:362,46,0,0
BRDA:362,46,1,0
BRDA:432,47,0,0
BRDA:432,47,1,0
BRDA:456,48,0,0
BRDA:456,48,1,0
BRDA:458,49,0,0
BRDA:458,49,1,0
BRDA:462,50,0,0
BRDA:462,50,1,0
BRDA:470,51,0,0
BRDA:470,51,1,0
BRDA:486,52,0,0
BRDA:486,52,1,0
BRDA:488,53,0,0
BRDA:488,53,1,0
BRDA:502,54,0,0
BRDA:502,54,1,0
BRDA:521,55,0,0
BRDA:521,55,1,0
BRDA:530,56,0,0
BRDA:530,56,1,0
BRDA:541,57,0,0
BRDA:541,57,1,0
BRDA:543,58,0,0
BRDA:543,58,1,0
BRDA:547,59,0,0
BRDA:547,59,1,0
BRDA:551,60,0,0
BRDA:551,60,1,0
BRDA:551,61,0,0
BRDA:551,61,1,0
BRDA:554,62,0,0
BRDA:554,62,1,0
BRDA:554,63,0,0
BRDA:554,63,1,0
BRF:129
BRH:0
end_of_record
TN:
SF:src/util/googleAuth.js
FN:15,(anonymous_0)
FN:25,(anonymous_1)
FN:30,(anonymous_2)
FN:35,(anonymous_3)
FN:40,(anonymous_4)
FN:52,parseJwt
FN:59,(anonymous_6)
FN:68,(anonymous_7)
FN:86,(anonymous_8)
FN:95,(anonymous_9)
FN:104,plotAuthenticationErrorMessage
FN:121,(anonymous_11)
FN:125,(anonymous_12)
FN:132,(anonymous_13)
FN:142,(anonymous_14)
FN:151,(anonymous_15)
FN:158,(anonymous_16)
FN:164,(anonymous_17)
FNF:18
FNH:0
FNDA:0,(anonymous_0)
FNDA:0,(anonymous_1)
FNDA:0,(anonymous_2)
FNDA:0,(anonymous_3)
FNDA:0,(anonymous_4)
FNDA:0,parseJwt
FNDA:0,(anonymous_6)
FNDA:0,(anonymous_7)
FNDA:0,(anonymous_8)
FNDA:0,(anonymous_9)
FNDA:0,plotAuthenticationErrorMessage
FNDA:0,(anonymous_11)
FNDA:0,(anonymous_12)
FNDA:0,(anonymous_13)
FNDA:0,(anonymous_14)
FNDA:0,(anonymous_15)
FNDA:0,(anonymous_16)
FNDA:0,(anonymous_17)
DA:2,0
DA:5,0
DA:6,0
DA:9,0
DA:13,0
DA:15,0
DA:16,0
DA:17,0
DA:18,0
DA:19,0
DA:20,0
DA:22,0
DA:23,0
DA:25,0
DA:26,0
DA:30,0
DA:31,0
DA:36,0
DA:40,0
DA:41,0
DA:42,0
DA:43,0
DA:45,0
DA:46,0
DA:48,0
DA:53,0
DA:54,0
DA:55,0
DA:60,0
DA:65,0
DA:68,0
DA:70,0
DA:71,0
DA:74,0
DA:82,0
DA:83,0
DA:86,0
DA:87,0
DA:88,0
DA:94,0
DA:95,0
DA:96,0
DA:97,0
DA:101,0
DA:105,0
DA:106,0
DA:107,0
DA:108,0
DA:109,0
DA:110,0
DA:111,0
DA:112,0
DA:113,0
DA:114,0
DA:121,0
DA:122,0
DA:125,0
DA:126,0
DA:127,0
DA:128,0
DA:132,0
DA:133,0
DA:134,0
DA:135,0
DA:136,0
DA:137,0
DA:138,0
DA:139,0
DA:140,0
DA:142,0
DA:143,0
DA:144,0
DA:146,0
DA:151,0
DA:152,0
DA:159,0
DA:160,0
DA:164,0
DA:165,0
DA:168,0
DA:171,0
LF:81
LH:0
BRDA:26,0,0,0
BRDA:26,0,1,0
BRDA:31,1,0,0
BRDA:31,1,1,0
BRDA:40,2,0,0
BRDA:45,3,0,0
BRDA:45,3,1,0
BRDA:70,4,0,0
BRDA:70,4,1,0
BRDA:78,5,0,0
BRDA:78,5,1,0
BRDA:79,6,0,0
BRDA:79,6,1,0
BRDA:86,7,0,0
BRDA:91,8,0,0
BRDA:91,8,1,0
BRDA:94,9,0,0
BRDA:94,9,1,0
BRDA:96,10,0,0
BRDA:96,10,1,0
BRDA:106,11,0,0
BRDA:106,11,1,0
BRDA:127,12,0,0
BRDA:127,12,1,0
BRDA:133,13,0,0
BRDA:133,13,1,0
BRDA:133,14,0,0
BRDA:133,14,1,0
BRDA:135,15,0,0
BRDA:135,15,1,0
BRDA:135,16,0,0
BRDA:135,16,1,0
BRDA:135,16,2,0
BRF:33
BRH:0
end_of_record
TN:
SF:src/util/htmlUtil.js
FN:1,getElementWidth
FN:5,decodeHTML
FN:10,getElementHeight
FNF:3
FNH:3
FNDA:1,getElementWidth
FNDA:6,decodeHTML
FNDA:1,getElementHeight
DA:2,1
DA:6,6
DA:7,6
DA:11,1
DA:14,3
LF:5
LH:5
BRF:0
BRH:0
end_of_record
TN:
SF:src/util/inputSanitizer.js
FN:6,(anonymous_0)
FN:17,(anonymous_1)
FN:22,trimWhiteSpaces
FN:24,(anonymous_3)
FN:31,(anonymous_4)
FN:42,(anonymous_5)
FNF:6
FNH:6
FNDA:2,(anonymous_0)
FNDA:16,(anonymous_1)
FNDA:5,trimWhiteSpaces
FNDA:16,(anonymous_3)
FNDA:3,(anonymous_4)
FNDA:2,(anonymous_5)
DA:1,1
DA:2,1
DA:6,1
DA:7,2
DA:14,2
DA:18,16
DA:23,5
DA:24,5
DA:25,16
DA:27,5
DA:30,2
DA:31,2
DA:32,3
DA:33,3
DA:34,3
DA:35,3
DA:36,3
DA:37,3
DA:39,3
DA:42,2
DA:43,2
DA:45,2
DA:46,2
DA:47,2
DA:48,2
DA:49,2
DA:51,2
DA:52,2
DA:53,2
DA:54,2
DA:55,2
DA:57,2
DA:58,2
DA:59,2
DA:60,2
DA:61,2
DA:63,2
DA:66,2
DA:69,1
LF:39
LH:39
BRDA:51,0,0,1
BRDA:51,0,1,1
BRDA:52,1,0,1
BRDA:52,1,1,1
BRDA:53,2,0,1
BRDA:53,2,1,1
BRDA:54,3,0,1
BRDA:54,3,1,1
BRDA:55,4,0,1
BRDA:55,4,1,1
BRF:10
BRH:10
end_of_record
TN:
SF:src/util/mathUtils.js
FN:1,toRadian
FNF:1
FNH:1
FNDA:21,toRadian
DA:2,21
DA:5,3
LF:2
LH:2
BRF:0
BRH:0
end_of_record
TN:
SF:src/util/queryParamProcessor.js
FN:1,(anonymous_0)
FN:2,(anonymous_1)
FNF:2
FNH:2
FNDA:3,(anonymous_0)
FNDA:6,(anonymous_1)
DA:1,2
DA:2,3
DA:3,6
DA:6,3
DA:8,3
DA:10,3
DA:11,3
DA:14,3
DA:17,2
LF:9
LH:9
BRF:0
BRH:0
end_of_record
TN:
SF:src/util/ringCalculator.js
FN:1,(anonymous_0)
FN:6,(anonymous_1)
FN:7,(anonymous_2)
FN:12,(anonymous_3)
FN:19,(anonymous_4)
FNF:5
FNH:5
FNDA:1,(anonymous_0)
FNDA:3,(anonymous_1)
FNDA:15,(anonymous_2)
FNDA:1,(anonymous_3)
FNDA:2,(anonymous_4)
DA:1,1
DA:2,1
DA:4,1
DA:6,1
DA:7,3
DA:8,15
DA:12,1
DA:13,1
DA:14,1
DA:16,1
DA:19,1
DA:20,2
DA:21,2
DA:22,2
DA:25,1
DA:28,1
LF:16
LH:16
BRDA:22,0,0,2
BRDA:22,0,1,1
BRF:2
BRH:2
end_of_record
TN:
SF:src/util/sheet.js
FN:7,(anonymous_0)
FN:11,(anonymous_1)
FN:16,(anonymous_2)
FN:23,(anonymous_3)
FN:37,(anonymous_4)
FN:44,(anonymous_5)
FN:52,(anonymous_6)
FN:59,(anonymous_7)
FN:65,processSheetData
FN:66,(anonymous_9)
FN:70,(anonymous_10)
FNF:11
FNH:5
FNDA:10,(anonymous_0)
FNDA:10,(anonymous_1)
FNDA:4,(anonymous_2)
FNDA:4,(anonymous_3)
FNDA:2,(anonymous_4)
FNDA:0,(anonymous_5)
FNDA:0,(anonymous_6)
FNDA:0,(anonymous_7)
FNDA:0,processSheetData
FNDA:0,(anonymous_9)
FNDA:0,(anonymous_10)
DA:2,1
DA:3,1
DA:4,1
DA:5,1
DA:7,1
DA:8,10
DA:9,10
DA:11,10
DA:12,10
DA:13,10
DA:16,10
DA:17,4
DA:18,4
DA:21,4
DA:22,4
DA:23,4
DA:24,4
DA:25,4
DA:26,1
DA:27,3
DA:28,2
DA:30,1
DA:34,4
DA:37,10
DA:38,2
DA:41,2
DA:44,10
DA:45,0
DA:46,0
DA:48,0
DA:52,10
DA:53,0
DA:59,10
DA:60,0
DA:66,0
DA:67,0
DA:68,0
DA:70,0
DA:74,10
DA:77,1
LF:40
LH:31
BRDA:13,0,0,5
BRDA:13,0,1,5
BRDA:17,1,0,4
BRDA:17,1,1,0
BRDA:24,2,0,4
BRDA:24,2,1,0
BRDA:25,3,0,1
BRDA:25,3,1,3
BRDA:27,4,0,2
BRDA:27,4,1,1
BRDA:38,5,0,1
BRDA:38,5,1,1
BRDA:60,6,0,0
BRDA:60,6,1,0
BRDA:67,7,0,0
BRDA:67,7,1,0
BRF:16
BRH:10
end_of_record
TN:
SF:src/util/stringUtil.js
FN:1,getRingIdString
FN:5,replaceSpaceWithHyphens
FN:9,removeAllSpaces
FNF:3
FNH:2
FNDA:3,getRingIdString
FNDA:2,replaceSpaceWithHyphens
FNDA:0,removeAllSpaces
DA:2,3
DA:6,2
DA:10,0
DA:13,3
LF:4
LH:3
BRF:0
BRH:0
end_of_record
TN:
SF:src/util/urlUtils.js
FN:3,constructSheetUrl
FNF:1
FNH:1
FNDA:2,constructSheetUrl
DA:1,1
DA:2,1
DA:4,2
DA:5,2
DA:7,2
DA:13,2
DA:16,1
LF:7
LH:7
BRDA:8,0,0,1
BRDA:8,0,1,1
BRF:2
BRH:2
end_of_record
